Determining if the function fseek64 exists failed with the following output:
Change Dir: /home/evan/utk/cs594/CompDiff/examples/xpdf/src/pdftotext-4/xpdf/CMakeFiles/CMakeTmp

Run Build Command(s):/usr/bin/gmake -f Makefile cmTC_ac75f/fast && /usr/bin/gmake  -f CMakeFiles/cmTC_ac75f.dir/build.make CMakeFiles/cmTC_ac75f.dir/build
gmake[1]: Entering directory '/home/evan/utk/cs594/CompDiff/examples/xpdf/src/pdftotext-4/xpdf/CMakeFiles/CMakeTmp'
Building C object CMakeFiles/cmTC_ac75f.dir/CheckFunctionExists.c.o
/home/evan/utk/cs594/CompDiff/compilers/diff-cc-4   -DCHECK_FUNCTION_EXISTS=fseek64 -MD -MT CMakeFiles/cmTC_ac75f.dir/CheckFunctionExists.c.o -MF CMakeFiles/cmTC_ac75f.dir/CheckFunctionExists.c.o.d -o CMakeFiles/cmTC_ac75f.dir/CheckFunctionExists.c.o -c /usr/share/cmake-3.22/Modules/CheckFunctionExists.c
clang: warning: /home/evan/utk/cs594/CompDiff/compilers/diff-llvm-rt-4.o: 'linker' input unused [-Wunused-command-line-argument]
Linking C executable cmTC_ac75f
/usr/bin/cmake -E cmake_link_script CMakeFiles/cmTC_ac75f.dir/link.txt --verbose=1
/home/evan/utk/cs594/CompDiff/compilers/diff-cc-4  -DCHECK_FUNCTION_EXISTS=fseek64 -rdynamic CMakeFiles/cmTC_ac75f.dir/CheckFunctionExists.c.o -o cmTC_ac75f 
/usr/bin/ld: CMakeFiles/cmTC_ac75f.dir/CheckFunctionExists.c.o: in function `main':
CheckFunctionExists.c:(.text+0x9): undefined reference to `fseek64'
clang: error: linker command failed with exit code 1 (use -v to see invocation)
gmake[1]: *** [CMakeFiles/cmTC_ac75f.dir/build.make:100: cmTC_ac75f] Error 1
gmake[1]: Leaving directory '/home/evan/utk/cs594/CompDiff/examples/xpdf/src/pdftotext-4/xpdf/CMakeFiles/CMakeTmp'
gmake: *** [Makefile:127: cmTC_ac75f/fast] Error 2



Determining if the function _fseeki64 exists failed with the following output:
Change Dir: /home/evan/utk/cs594/CompDiff/examples/xpdf/src/pdftotext-4/xpdf/CMakeFiles/CMakeTmp

Run Build Command(s):/usr/bin/gmake -f Makefile cmTC_c70c4/fast && /usr/bin/gmake  -f CMakeFiles/cmTC_c70c4.dir/build.make CMakeFiles/cmTC_c70c4.dir/build
gmake[1]: Entering directory '/home/evan/utk/cs594/CompDiff/examples/xpdf/src/pdftotext-4/xpdf/CMakeFiles/CMakeTmp'
Building C object CMakeFiles/cmTC_c70c4.dir/CheckFunctionExists.c.o
/home/evan/utk/cs594/CompDiff/compilers/diff-cc-4   -DCHECK_FUNCTION_EXISTS=_fseeki64 -MD -MT CMakeFiles/cmTC_c70c4.dir/CheckFunctionExists.c.o -MF CMakeFiles/cmTC_c70c4.dir/CheckFunctionExists.c.o.d -o CMakeFiles/cmTC_c70c4.dir/CheckFunctionExists.c.o -c /usr/share/cmake-3.22/Modules/CheckFunctionExists.c
clang: warning: /home/evan/utk/cs594/CompDiff/compilers/diff-llvm-rt-4.o: 'linker' input unused [-Wunused-command-line-argument]
Linking C executable cmTC_c70c4
/usr/bin/cmake -E cmake_link_script CMakeFiles/cmTC_c70c4.dir/link.txt --verbose=1
/home/evan/utk/cs594/CompDiff/compilers/diff-cc-4  -DCHECK_FUNCTION_EXISTS=_fseeki64 -rdynamic CMakeFiles/cmTC_c70c4.dir/CheckFunctionExists.c.o -o cmTC_c70c4 
/usr/bin/ld: CMakeFiles/cmTC_c70c4.dir/CheckFunctionExists.c.o: in function `main':
CheckFunctionExists.c:(.text+0x9): undefined reference to `_fseeki64'
clang: error: linker command failed with exit code 1 (use -v to see invocation)
gmake[1]: *** [CMakeFiles/cmTC_c70c4.dir/build.make:100: cmTC_c70c4] Error 1
gmake[1]: Leaving directory '/home/evan/utk/cs594/CompDiff/examples/xpdf/src/pdftotext-4/xpdf/CMakeFiles/CMakeTmp'
gmake: *** [Makefile:127: cmTC_c70c4/fast] Error 2



