Determining if the function fseek64 exists failed with the following output:
Change Dir: /home/evan/utk/cs594/CompDiff/examples/xpdf/src/pdftotext-0/xpdf/CMakeFiles/CMakeTmp

Run Build Command(s):/usr/bin/gmake -f Makefile cmTC_434bf/fast && /usr/bin/gmake  -f CMakeFiles/cmTC_434bf.dir/build.make CMakeFiles/cmTC_434bf.dir/build
gmake[1]: Entering directory '/home/evan/utk/cs594/CompDiff/examples/xpdf/src/pdftotext-0/xpdf/CMakeFiles/CMakeTmp'
Building C object CMakeFiles/cmTC_434bf.dir/CheckFunctionExists.c.o
/home/evan/utk/cs594/CompDiff/compilers/diff-cc-0   -DCHECK_FUNCTION_EXISTS=fseek64 -MD -MT CMakeFiles/cmTC_434bf.dir/CheckFunctionExists.c.o -MF CMakeFiles/cmTC_434bf.dir/CheckFunctionExists.c.o.d -o CMakeFiles/cmTC_434bf.dir/CheckFunctionExists.c.o -c /usr/share/cmake-3.22/Modules/CheckFunctionExists.c
clang: warning: /home/evan/utk/cs594/CompDiff/compilers/diff-llvm-rt-0.o: 'linker' input unused [-Wunused-command-line-argument]
Linking C executable cmTC_434bf
/usr/bin/cmake -E cmake_link_script CMakeFiles/cmTC_434bf.dir/link.txt --verbose=1
/home/evan/utk/cs594/CompDiff/compilers/diff-cc-0  -DCHECK_FUNCTION_EXISTS=fseek64 -rdynamic CMakeFiles/cmTC_434bf.dir/CheckFunctionExists.c.o -o cmTC_434bf 
/usr/bin/ld: CMakeFiles/cmTC_434bf.dir/CheckFunctionExists.c.o: in function `main':
CheckFunctionExists.c:(.text+0x17): undefined reference to `fseek64'
clang: error: linker command failed with exit code 1 (use -v to see invocation)
gmake[1]: *** [CMakeFiles/cmTC_434bf.dir/build.make:100: cmTC_434bf] Error 1
gmake[1]: Leaving directory '/home/evan/utk/cs594/CompDiff/examples/xpdf/src/pdftotext-0/xpdf/CMakeFiles/CMakeTmp'
gmake: *** [Makefile:127: cmTC_434bf/fast] Error 2



Determining if the function _fseeki64 exists failed with the following output:
Change Dir: /home/evan/utk/cs594/CompDiff/examples/xpdf/src/pdftotext-0/xpdf/CMakeFiles/CMakeTmp

Run Build Command(s):/usr/bin/gmake -f Makefile cmTC_0c54b/fast && /usr/bin/gmake  -f CMakeFiles/cmTC_0c54b.dir/build.make CMakeFiles/cmTC_0c54b.dir/build
gmake[1]: Entering directory '/home/evan/utk/cs594/CompDiff/examples/xpdf/src/pdftotext-0/xpdf/CMakeFiles/CMakeTmp'
Building C object CMakeFiles/cmTC_0c54b.dir/CheckFunctionExists.c.o
/home/evan/utk/cs594/CompDiff/compilers/diff-cc-0   -DCHECK_FUNCTION_EXISTS=_fseeki64 -MD -MT CMakeFiles/cmTC_0c54b.dir/CheckFunctionExists.c.o -MF CMakeFiles/cmTC_0c54b.dir/CheckFunctionExists.c.o.d -o CMakeFiles/cmTC_0c54b.dir/CheckFunctionExists.c.o -c /usr/share/cmake-3.22/Modules/CheckFunctionExists.c
clang: warning: /home/evan/utk/cs594/CompDiff/compilers/diff-llvm-rt-0.o: 'linker' input unused [-Wunused-command-line-argument]
Linking C executable cmTC_0c54b
/usr/bin/cmake -E cmake_link_script CMakeFiles/cmTC_0c54b.dir/link.txt --verbose=1
/home/evan/utk/cs594/CompDiff/compilers/diff-cc-0  -DCHECK_FUNCTION_EXISTS=_fseeki64 -rdynamic CMakeFiles/cmTC_0c54b.dir/CheckFunctionExists.c.o -o cmTC_0c54b 
/usr/bin/ld: CMakeFiles/cmTC_0c54b.dir/CheckFunctionExists.c.o: in function `main':
CheckFunctionExists.c:(.text+0x17): undefined reference to `_fseeki64'
clang: error: linker command failed with exit code 1 (use -v to see invocation)
gmake[1]: *** [CMakeFiles/cmTC_0c54b.dir/build.make:100: cmTC_0c54b] Error 1
gmake[1]: Leaving directory '/home/evan/utk/cs594/CompDiff/examples/xpdf/src/pdftotext-0/xpdf/CMakeFiles/CMakeTmp'
gmake: *** [Makefile:127: cmTC_0c54b/fast] Error 2



