Determining if the function fseek64 exists failed with the following output:
Change Dir: /home/evan/utk/cs594/CompDiff/examples/xpdf/src/pdftotext-9/xpdf/CMakeFiles/CMakeTmp

Run Build Command(s):/usr/bin/gmake -f Makefile cmTC_868ee/fast && /usr/bin/gmake  -f CMakeFiles/cmTC_868ee.dir/build.make CMakeFiles/cmTC_868ee.dir/build
gmake[1]: Entering directory '/home/evan/utk/cs594/CompDiff/examples/xpdf/src/pdftotext-9/xpdf/CMakeFiles/CMakeTmp'
Building C object CMakeFiles/cmTC_868ee.dir/CheckFunctionExists.c.o
/home/evan/utk/cs594/CompDiff/compilers/diff-cc-9   -DCHECK_FUNCTION_EXISTS=fseek64 -o CMakeFiles/cmTC_868ee.dir/CheckFunctionExists.c.o -c /usr/share/cmake-3.22/Modules/CheckFunctionExists.c
gcc-11: warning: /home/evan/utk/cs594/CompDiff/compilers/diff-llvm-rt-9.o: linker input file unused because linking not done
Linking C executable cmTC_868ee
/usr/bin/cmake -E cmake_link_script CMakeFiles/cmTC_868ee.dir/link.txt --verbose=1
/home/evan/utk/cs594/CompDiff/compilers/diff-cc-9  -DCHECK_FUNCTION_EXISTS=fseek64 -rdynamic CMakeFiles/cmTC_868ee.dir/CheckFunctionExists.c.o -o cmTC_868ee 
/usr/bin/ld: CMakeFiles/cmTC_868ee.dir/CheckFunctionExists.c.o: in function `main':
CheckFunctionExists.c:(.text.startup+0xd): undefined reference to `fseek64'
collect2: error: ld returned 1 exit status
gmake[1]: *** [CMakeFiles/cmTC_868ee.dir/build.make:99: cmTC_868ee] Error 1
gmake[1]: Leaving directory '/home/evan/utk/cs594/CompDiff/examples/xpdf/src/pdftotext-9/xpdf/CMakeFiles/CMakeTmp'
gmake: *** [Makefile:127: cmTC_868ee/fast] Error 2



Determining if the function _fseeki64 exists failed with the following output:
Change Dir: /home/evan/utk/cs594/CompDiff/examples/xpdf/src/pdftotext-9/xpdf/CMakeFiles/CMakeTmp

Run Build Command(s):/usr/bin/gmake -f Makefile cmTC_e8837/fast && /usr/bin/gmake  -f CMakeFiles/cmTC_e8837.dir/build.make CMakeFiles/cmTC_e8837.dir/build
gmake[1]: Entering directory '/home/evan/utk/cs594/CompDiff/examples/xpdf/src/pdftotext-9/xpdf/CMakeFiles/CMakeTmp'
Building C object CMakeFiles/cmTC_e8837.dir/CheckFunctionExists.c.o
/home/evan/utk/cs594/CompDiff/compilers/diff-cc-9   -DCHECK_FUNCTION_EXISTS=_fseeki64 -o CMakeFiles/cmTC_e8837.dir/CheckFunctionExists.c.o -c /usr/share/cmake-3.22/Modules/CheckFunctionExists.c
gcc-11: warning: /home/evan/utk/cs594/CompDiff/compilers/diff-llvm-rt-9.o: linker input file unused because linking not done
Linking C executable cmTC_e8837
/usr/bin/cmake -E cmake_link_script CMakeFiles/cmTC_e8837.dir/link.txt --verbose=1
/home/evan/utk/cs594/CompDiff/compilers/diff-cc-9  -DCHECK_FUNCTION_EXISTS=_fseeki64 -rdynamic CMakeFiles/cmTC_e8837.dir/CheckFunctionExists.c.o -o cmTC_e8837 
/usr/bin/ld: CMakeFiles/cmTC_e8837.dir/CheckFunctionExists.c.o: in function `main':
CheckFunctionExists.c:(.text.startup+0xd): undefined reference to `_fseeki64'
collect2: error: ld returned 1 exit status
gmake[1]: *** [CMakeFiles/cmTC_e8837.dir/build.make:99: cmTC_e8837] Error 1
gmake[1]: Leaving directory '/home/evan/utk/cs594/CompDiff/examples/xpdf/src/pdftotext-9/xpdf/CMakeFiles/CMakeTmp'
gmake: *** [Makefile:127: cmTC_e8837/fast] Error 2



