Determining if the function fseek64 exists failed with the following output:
Change Dir: /home/evan/utk/cs594/CompDiff/examples/xpdf/src/pdftotext-3/xpdf/CMakeFiles/CMakeTmp

Run Build Command(s):/usr/bin/gmake -f Makefile cmTC_cb2fb/fast && /usr/bin/gmake  -f CMakeFiles/cmTC_cb2fb.dir/build.make CMakeFiles/cmTC_cb2fb.dir/build
gmake[1]: Entering directory '/home/evan/utk/cs594/CompDiff/examples/xpdf/src/pdftotext-3/xpdf/CMakeFiles/CMakeTmp'
Building C object CMakeFiles/cmTC_cb2fb.dir/CheckFunctionExists.c.o
/home/evan/utk/cs594/CompDiff/compilers/diff-cc-3   -DCHECK_FUNCTION_EXISTS=fseek64 -MD -MT CMakeFiles/cmTC_cb2fb.dir/CheckFunctionExists.c.o -MF CMakeFiles/cmTC_cb2fb.dir/CheckFunctionExists.c.o.d -o CMakeFiles/cmTC_cb2fb.dir/CheckFunctionExists.c.o -c /usr/share/cmake-3.22/Modules/CheckFunctionExists.c
clang: warning: /home/evan/utk/cs594/CompDiff/compilers/diff-llvm-rt-3.o: 'linker' input unused [-Wunused-command-line-argument]
Linking C executable cmTC_cb2fb
/usr/bin/cmake -E cmake_link_script CMakeFiles/cmTC_cb2fb.dir/link.txt --verbose=1
/home/evan/utk/cs594/CompDiff/compilers/diff-cc-3  -DCHECK_FUNCTION_EXISTS=fseek64 -rdynamic CMakeFiles/cmTC_cb2fb.dir/CheckFunctionExists.c.o -o cmTC_cb2fb 
/usr/bin/ld: CMakeFiles/cmTC_cb2fb.dir/CheckFunctionExists.c.o: in function `main':
CheckFunctionExists.c:(.text+0x9): undefined reference to `fseek64'
clang: error: linker command failed with exit code 1 (use -v to see invocation)
gmake[1]: *** [CMakeFiles/cmTC_cb2fb.dir/build.make:100: cmTC_cb2fb] Error 1
gmake[1]: Leaving directory '/home/evan/utk/cs594/CompDiff/examples/xpdf/src/pdftotext-3/xpdf/CMakeFiles/CMakeTmp'
gmake: *** [Makefile:127: cmTC_cb2fb/fast] Error 2



Determining if the function _fseeki64 exists failed with the following output:
Change Dir: /home/evan/utk/cs594/CompDiff/examples/xpdf/src/pdftotext-3/xpdf/CMakeFiles/CMakeTmp

Run Build Command(s):/usr/bin/gmake -f Makefile cmTC_c2936/fast && /usr/bin/gmake  -f CMakeFiles/cmTC_c2936.dir/build.make CMakeFiles/cmTC_c2936.dir/build
gmake[1]: Entering directory '/home/evan/utk/cs594/CompDiff/examples/xpdf/src/pdftotext-3/xpdf/CMakeFiles/CMakeTmp'
Building C object CMakeFiles/cmTC_c2936.dir/CheckFunctionExists.c.o
/home/evan/utk/cs594/CompDiff/compilers/diff-cc-3   -DCHECK_FUNCTION_EXISTS=_fseeki64 -MD -MT CMakeFiles/cmTC_c2936.dir/CheckFunctionExists.c.o -MF CMakeFiles/cmTC_c2936.dir/CheckFunctionExists.c.o.d -o CMakeFiles/cmTC_c2936.dir/CheckFunctionExists.c.o -c /usr/share/cmake-3.22/Modules/CheckFunctionExists.c
clang: warning: /home/evan/utk/cs594/CompDiff/compilers/diff-llvm-rt-3.o: 'linker' input unused [-Wunused-command-line-argument]
Linking C executable cmTC_c2936
/usr/bin/cmake -E cmake_link_script CMakeFiles/cmTC_c2936.dir/link.txt --verbose=1
/home/evan/utk/cs594/CompDiff/compilers/diff-cc-3  -DCHECK_FUNCTION_EXISTS=_fseeki64 -rdynamic CMakeFiles/cmTC_c2936.dir/CheckFunctionExists.c.o -o cmTC_c2936 
/usr/bin/ld: CMakeFiles/cmTC_c2936.dir/CheckFunctionExists.c.o: in function `main':
CheckFunctionExists.c:(.text+0x9): undefined reference to `_fseeki64'
clang: error: linker command failed with exit code 1 (use -v to see invocation)
gmake[1]: *** [CMakeFiles/cmTC_c2936.dir/build.make:100: cmTC_c2936] Error 1
gmake[1]: Leaving directory '/home/evan/utk/cs594/CompDiff/examples/xpdf/src/pdftotext-3/xpdf/CMakeFiles/CMakeTmp'
gmake: *** [Makefile:127: cmTC_c2936/fast] Error 2



