The system is: Linux - 6.5.0-27-generic - x86_64
Compiling the C compiler identification source file "CMakeCCompilerId.c" succeeded.
Compiler: /home/evan/utk/cs594/CompDiff/aflpp/afl-clang-fast 
Build flags: 
Id flags:  

The output was:
0


Compilation of the C compiler identification source "CMakeCCompilerId.c" produced "a.out"

The C compiler identification is GNU, found in "/home/evan/utk/cs594/CompDiff/examples/xpdf/src/pdftotext-fuzz/xpdf/CMakeFiles/3.22.1/CompilerIdC/a.out"

Compiling the CXX compiler identification source file "CMakeCXXCompilerId.cpp" succeeded.
Compiler: /home/evan/utk/cs594/CompDiff/aflpp/afl-clang-fast++ 
Build flags: 
Id flags:  

The output was:
0


Compilation of the CXX compiler identification source "CMakeCXXCompilerId.cpp" produced "a.out"

The CXX compiler identification is GNU, found in "/home/evan/utk/cs594/CompDiff/examples/xpdf/src/pdftotext-fuzz/xpdf/CMakeFiles/3.22.1/CompilerIdCXX/a.out"

Detecting C compiler ABI info compiled with the following output:
Change Dir: /home/evan/utk/cs594/CompDiff/examples/xpdf/src/pdftotext-fuzz/xpdf/CMakeFiles/CMakeTmp

Run Build Command(s):/usr/bin/gmake -f Makefile cmTC_aae61/fast && /usr/bin/gmake  -f CMakeFiles/cmTC_aae61.dir/build.make CMakeFiles/cmTC_aae61.dir/build
gmake[1]: Entering directory '/home/evan/utk/cs594/CompDiff/examples/xpdf/src/pdftotext-fuzz/xpdf/CMakeFiles/CMakeTmp'
Building C object CMakeFiles/cmTC_aae61.dir/CMakeCCompilerABI.c.o
/home/evan/utk/cs594/CompDiff/aflpp/afl-clang-fast   -v -o CMakeFiles/cmTC_aae61.dir/CMakeCCompilerABI.c.o -c /usr/share/cmake-3.22/Modules/CMakeCCompilerABI.c
Using built-in specs.
COLLECT_GCC=gcc
OFFLOAD_TARGET_NAMES=nvptx-none:amdgcn-amdhsa
OFFLOAD_TARGET_DEFAULT=1
Target: x86_64-linux-gnu
Configured with: ../src/configure -v --with-pkgversion='Ubuntu 11.4.0-1ubuntu1~22.04' --with-bugurl=file:///usr/share/doc/gcc-11/README.Bugs --enable-languages=c,ada,c++,go,brig,d,fortran,objc,obj-c++,m2 --prefix=/usr --with-gcc-major-version-only --program-suffix=-11 --program-prefix=x86_64-linux-gnu- --enable-shared --enable-linker-build-id --libexecdir=/usr/lib --without-included-gettext --enable-threads=posix --libdir=/usr/lib --enable-nls --enable-bootstrap --enable-clocale=gnu --enable-libstdcxx-debug --enable-libstdcxx-time=yes --with-default-libstdcxx-abi=new --enable-gnu-unique-object --disable-vtable-verify --enable-plugin --enable-default-pie --with-system-zlib --enable-libphobos-checking=release --with-target-system-zlib=auto --enable-objc-gc=auto --enable-multiarch --disable-werror --enable-cet --with-arch-32=i686 --with-abi=m64 --with-multilib-list=m32,m64,mx32 --enable-multilib --with-tune=generic --enable-offload-targets=nvptx-none=/build/gcc-11-XeT9lY/gcc-11-11.4.0/debian/tmp-nvptx/usr,amdgcn-amdhsa=/build/gcc-11-XeT9lY/gcc-11-11.4.0/debian/tmp-gcn/usr --without-cuda-driver --enable-checking=release --build=x86_64-linux-gnu --host=x86_64-linux-gnu --target=x86_64-linux-gnu --with-build-config=bootstrap-lto-lean --enable-link-serialization=2
Thread model: posix
Supported LTO compression algorithms: zlib zstd
gcc version 11.4.0 (Ubuntu 11.4.0-1ubuntu1~22.04) 
COLLECT_GCC_OPTIONS='-fplugin=/home/evan/utk/cs594/CompDiff/aflpp/afl-gcc-pass.so' '-v' '-o' 'CMakeFiles/cmTC_aae61.dir/CMakeCCompilerABI.c.o' '-c' '-g' '-O3' '-funroll-loops' '-D' '__AFL_HAVE_MANUAL_CONTROL=1' '-D' '__AFL_COMPILER=1' '-D' 'FUZZING_BUILD_MODE_UNSAFE_FOR_PRODUCTION=1' '-D' '__AFL_FUZZ_INIT()=int __afl_sharedmem_fuzzing = 1;extern unsigned int *__afl_fuzz_len;extern unsigned char *__afl_fuzz_ptr;unsigned char __afl_fuzz_alt[1048576];unsigned char *__afl_fuzz_alt_ptr = __afl_fuzz_alt;' '-D' '__AFL_COVERAGE()=int __afl_selective_coverage = 1;void __afl_coverage_discard();void __afl_coverage_skip();void __afl_coverage_on();void __afl_coverage_off();' '-D' '__AFL_COVERAGE_START_OFF()=int __afl_selective_coverage_start_off = 1;' '-D' '__AFL_COVERAGE_ON()=__afl_coverage_on()' '-D' '__AFL_COVERAGE_OFF()=__afl_coverage_off()' '-D' '__AFL_COVERAGE_DISCARD()=__afl_coverage_discard()' '-D' '__AFL_COVERAGE_SKIP()=__afl_coverage_skip()' '-D' '__AFL_FUZZ_TESTCASE_BUF=(__afl_fuzz_ptr ? __afl_fuzz_ptr : __afl_fuzz_alt_ptr)' '-D' '__AFL_FUZZ_TESTCASE_LEN=(__afl_fuzz_ptr ? *__afl_fuzz_len : (*__afl_fuzz_len = read(0, __afl_fuzz_alt_ptr, 1048576)) == 0xffffffff ? 0 : *__afl_fuzz_len)' '-D' '__AFL_LOOP(_A)=({ static volatile char *_B __attribute__((used));  _B = (char*)"##SIG_AFL_PERSISTENT##"; __attribute__((visibility("default"))) int _L(unsigned int) __asm__("__afl_persistent_loop"); _L(_A); })' '-D' '__AFL_INIT()=do { static volatile char *_A __attribute__((used));  _A = (char*)"##SIG_AFL_DEFER_FORKSRV##"; __attribute__((visibility("default"))) void _I(void) __asm__("__afl_manual_init"); _I(); } while (0)' '-Wno-unused-command-line-argument' '-mtune=generic' '-march=x86-64' '-dumpdir' 'CMakeFiles/cmTC_aae61.dir/'
 /usr/lib/gcc/x86_64-linux-gnu/11/cc1 -quiet -v -imultiarch x86_64-linux-gnu -iplugindir=/usr/lib/gcc/x86_64-linux-gnu/11/plugin -D __AFL_HAVE_MANUAL_CONTROL=1 -D __AFL_COMPILER=1 -D FUZZING_BUILD_MODE_UNSAFE_FOR_PRODUCTION=1 -D __AFL_FUZZ_INIT()=int __afl_sharedmem_fuzzing = 1;extern unsigned int *__afl_fuzz_len;extern unsigned char *__afl_fuzz_ptr;unsigned char __afl_fuzz_alt[1048576];unsigned char *__afl_fuzz_alt_ptr = __afl_fuzz_alt; -D __AFL_COVERAGE()=int __afl_selective_coverage = 1;void __afl_coverage_discard();void __afl_coverage_skip();void __afl_coverage_on();void __afl_coverage_off(); -D __AFL_COVERAGE_START_OFF()=int __afl_selective_coverage_start_off = 1; -D __AFL_COVERAGE_ON()=__afl_coverage_on() -D __AFL_COVERAGE_OFF()=__afl_coverage_off() -D __AFL_COVERAGE_DISCARD()=__afl_coverage_discard() -D __AFL_COVERAGE_SKIP()=__afl_coverage_skip() -D __AFL_FUZZ_TESTCASE_BUF=(__afl_fuzz_ptr ? __afl_fuzz_ptr : __afl_fuzz_alt_ptr) -D __AFL_FUZZ_TESTCASE_LEN=(__afl_fuzz_ptr ? *__afl_fuzz_len : (*__afl_fuzz_len = read(0, __afl_fuzz_alt_ptr, 1048576)) == 0xffffffff ? 0 : *__afl_fuzz_len) -D __AFL_LOOP(_A)=({ static volatile char *_B __attribute__((used));  _B = (char*)"##SIG_AFL_PERSISTENT##"; __attribute__((visibility("default"))) int _L(unsigned int) __asm__("__afl_persistent_loop"); _L(_A); }) -D __AFL_INIT()=do { static volatile char *_A __attribute__((used));  _A = (char*)"##SIG_AFL_DEFER_FORKSRV##"; __attribute__((visibility("default"))) void _I(void) __asm__("__afl_manual_init"); _I(); } while (0) /usr/share/cmake-3.22/Modules/CMakeCCompilerABI.c -iplugindir=/usr/lib/gcc/x86_64-linux-gnu/11/plugin -quiet -dumpdir CMakeFiles/cmTC_aae61.dir/ -dumpbase CMakeCCompilerABI.c.c -dumpbase-ext .c -mtune=generic -march=x86-64 -g -O3 -Wno-unused-command-line-argument -version -fplugin=/home/evan/utk/cs594/CompDiff/aflpp/afl-gcc-pass.so -funroll-loops -fasynchronous-unwind-tables -fstack-protector-strong -Wformat -Wformat-security -fstack-clash-protection -fcf-protection -o /tmp/ccjyLlBd.s
GNU C17 (Ubuntu 11.4.0-1ubuntu1~22.04) version 11.4.0 (x86_64-linux-gnu)
	compiled by GNU C version 11.4.0, GMP version 6.2.1, MPFR version 4.1.0, MPC version 1.2.1, isl version isl-0.24-GMP

GGC heuristics: --param ggc-min-expand=100 --param ggc-min-heapsize=131072
Versions of loaded plugins:
 afl-gcc-pass: 20200907
ignoring nonexistent directory "/usr/local/include/x86_64-linux-gnu"
ignoring nonexistent directory "/usr/lib/gcc/x86_64-linux-gnu/11/include-fixed"
ignoring nonexistent directory "/usr/lib/gcc/x86_64-linux-gnu/11/../../../../x86_64-linux-gnu/include"
#include "..." search starts here:
#include <...> search starts here:
 /usr/lib/gcc/x86_64-linux-gnu/11/include
 /usr/local/include
 /usr/include/x86_64-linux-gnu
 /usr/include
End of search list.
GNU C17 (Ubuntu 11.4.0-1ubuntu1~22.04) version 11.4.0 (x86_64-linux-gnu)
	compiled by GNU C version 11.4.0, GMP version 6.2.1, MPFR version 4.1.0, MPC version 1.2.1, isl version isl-0.24-GMP

GGC heuristics: --param ggc-min-expand=100 --param ggc-min-heapsize=131072
Versions of loaded plugins:
 afl-gcc-pass: 20200907
Compiler executable checksum: 50eaa2331df977b8016186198deb2d18
COLLECT_GCC_OPTIONS='-fplugin=/home/evan/utk/cs594/CompDiff/aflpp/afl-gcc-pass.so' '-v' '-o' 'CMakeFiles/cmTC_aae61.dir/CMakeCCompilerABI.c.o' '-c' '-g' '-O3' '-funroll-loops' '-D' '__AFL_HAVE_MANUAL_CONTROL=1' '-D' '__AFL_COMPILER=1' '-D' 'FUZZING_BUILD_MODE_UNSAFE_FOR_PRODUCTION=1' '-D' '__AFL_FUZZ_INIT()=int __afl_sharedmem_fuzzing = 1;extern unsigned int *__afl_fuzz_len;extern unsigned char *__afl_fuzz_ptr;unsigned char __afl_fuzz_alt[1048576];unsigned char *__afl_fuzz_alt_ptr = __afl_fuzz_alt;' '-D' '__AFL_COVERAGE()=int __afl_selective_coverage = 1;void __afl_coverage_discard();void __afl_coverage_skip();void __afl_coverage_on();void __afl_coverage_off();' '-D' '__AFL_COVERAGE_START_OFF()=int __afl_selective_coverage_start_off = 1;' '-D' '__AFL_COVERAGE_ON()=__afl_coverage_on()' '-D' '__AFL_COVERAGE_OFF()=__afl_coverage_off()' '-D' '__AFL_COVERAGE_DISCARD()=__afl_coverage_discard()' '-D' '__AFL_COVERAGE_SKIP()=__afl_coverage_skip()' '-D' '__AFL_FUZZ_TESTCASE_BUF=(__afl_fuzz_ptr ? __afl_fuzz_ptr : __afl_fuzz_alt_ptr)' '-D' '__AFL_FUZZ_TESTCASE_LEN=(__afl_fuzz_ptr ? *__afl_fuzz_len : (*__afl_fuzz_len = read(0, __afl_fuzz_alt_ptr, 1048576)) == 0xffffffff ? 0 : *__afl_fuzz_len)' '-D' '__AFL_LOOP(_A)=({ static volatile char *_B __attribute__((used));  _B = (char*)"##SIG_AFL_PERSISTENT##"; __attribute__((visibility("default"))) int _L(unsigned int) __asm__("__afl_persistent_loop"); _L(_A); })' '-D' '__AFL_INIT()=do { static volatile char *_A __attribute__((used));  _A = (char*)"##SIG_AFL_DEFER_FORKSRV##"; __attribute__((visibility("default"))) void _I(void) __asm__("__afl_manual_init"); _I(); } while (0)' '-Wno-unused-command-line-argument' '-mtune=generic' '-march=x86-64' '-dumpdir' 'CMakeFiles/cmTC_aae61.dir/'
 as -v --gdwarf-5 --64 -o CMakeFiles/cmTC_aae61.dir/CMakeCCompilerABI.c.o /tmp/ccjyLlBd.s
GNU assembler version 2.38 (x86_64-linux-gnu) using BFD version (GNU Binutils for Ubuntu) 2.38
COMPILER_PATH=/usr/lib/gcc/x86_64-linux-gnu/11/:/usr/lib/gcc/x86_64-linux-gnu/11/:/usr/lib/gcc/x86_64-linux-gnu/:/usr/lib/gcc/x86_64-linux-gnu/11/:/usr/lib/gcc/x86_64-linux-gnu/
LIBRARY_PATH=/usr/lib/gcc/x86_64-linux-gnu/11/:/usr/lib/gcc/x86_64-linux-gnu/11/../../../x86_64-linux-gnu/:/usr/lib/gcc/x86_64-linux-gnu/11/../../../../lib/:/lib/x86_64-linux-gnu/:/lib/../lib/:/usr/lib/x86_64-linux-gnu/:/usr/lib/../lib/:/usr/lib/gcc/x86_64-linux-gnu/11/../../../:/lib/:/usr/lib/
COLLECT_GCC_OPTIONS='-fplugin=/home/evan/utk/cs594/CompDiff/aflpp/afl-gcc-pass.so' '-v' '-o' 'CMakeFiles/cmTC_aae61.dir/CMakeCCompilerABI.c.o' '-c' '-g' '-O3' '-funroll-loops' '-D' '__AFL_HAVE_MANUAL_CONTROL=1' '-D' '__AFL_COMPILER=1' '-D' 'FUZZING_BUILD_MODE_UNSAFE_FOR_PRODUCTION=1' '-D' '__AFL_FUZZ_INIT()=int __afl_sharedmem_fuzzing = 1;extern unsigned int *__afl_fuzz_len;extern unsigned char *__afl_fuzz_ptr;unsigned char __afl_fuzz_alt[1048576];unsigned char *__afl_fuzz_alt_ptr = __afl_fuzz_alt;' '-D' '__AFL_COVERAGE()=int __afl_selective_coverage = 1;void __afl_coverage_discard();void __afl_coverage_skip();void __afl_coverage_on();void __afl_coverage_off();' '-D' '__AFL_COVERAGE_START_OFF()=int __afl_selective_coverage_start_off = 1;' '-D' '__AFL_COVERAGE_ON()=__afl_coverage_on()' '-D' '__AFL_COVERAGE_OFF()=__afl_coverage_off()' '-D' '__AFL_COVERAGE_DISCARD()=__afl_coverage_discard()' '-D' '__AFL_COVERAGE_SKIP()=__afl_coverage_skip()' '-D' '__AFL_FUZZ_TESTCASE_BUF=(__afl_fuzz_ptr ? __afl_fuzz_ptr : __afl_fuzz_alt_ptr)' '-D' '__AFL_FUZZ_TESTCASE_LEN=(__afl_fuzz_ptr ? *__afl_fuzz_len : (*__afl_fuzz_len = read(0, __afl_fuzz_alt_ptr, 1048576)) == 0xffffffff ? 0 : *__afl_fuzz_len)' '-D' '__AFL_LOOP(_A)=({ static volatile char *_B __attribute__((used));  _B = (char*)"##SIG_AFL_PERSISTENT##"; __attribute__((visibility("default"))) int _L(unsigned int) __asm__("__afl_persistent_loop"); _L(_A); })' '-D' '__AFL_INIT()=do { static volatile char *_A __attribute__((used));  _A = (char*)"##SIG_AFL_DEFER_FORKSRV##"; __attribute__((visibility("default"))) void _I(void) __asm__("__afl_manual_init"); _I(); } while (0)' '-Wno-unused-command-line-argument' '-mtune=generic' '-march=x86-64' '-dumpdir' 'CMakeFiles/cmTC_aae61.dir/CMakeCCompilerABI.c.'
Linking C executable cmTC_aae61
/usr/bin/cmake -E cmake_link_script CMakeFiles/cmTC_aae61.dir/link.txt --verbose=1
/home/evan/utk/cs594/CompDiff/aflpp/afl-clang-fast  -v -rdynamic CMakeFiles/cmTC_aae61.dir/CMakeCCompilerABI.c.o -o cmTC_aae61 
Using built-in specs.
COLLECT_GCC=gcc
COLLECT_LTO_WRAPPER=/usr/lib/gcc/x86_64-linux-gnu/11/lto-wrapper
OFFLOAD_TARGET_NAMES=nvptx-none:amdgcn-amdhsa
OFFLOAD_TARGET_DEFAULT=1
Target: x86_64-linux-gnu
Configured with: ../src/configure -v --with-pkgversion='Ubuntu 11.4.0-1ubuntu1~22.04' --with-bugurl=file:///usr/share/doc/gcc-11/README.Bugs --enable-languages=c,ada,c++,go,brig,d,fortran,objc,obj-c++,m2 --prefix=/usr --with-gcc-major-version-only --program-suffix=-11 --program-prefix=x86_64-linux-gnu- --enable-shared --enable-linker-build-id --libexecdir=/usr/lib --without-included-gettext --enable-threads=posix --libdir=/usr/lib --enable-nls --enable-bootstrap --enable-clocale=gnu --enable-libstdcxx-debug --enable-libstdcxx-time=yes --with-default-libstdcxx-abi=new --enable-gnu-unique-object --disable-vtable-verify --enable-plugin --enable-default-pie --with-system-zlib --enable-libphobos-checking=release --with-target-system-zlib=auto --enable-objc-gc=auto --enable-multiarch --disable-werror --enable-cet --with-arch-32=i686 --with-abi=m64 --with-multilib-list=m32,m64,mx32 --enable-multilib --with-tune=generic --enable-offload-targets=nvptx-none=/build/gcc-11-XeT9lY/gcc-11-11.4.0/debian/tmp-nvptx/usr,amdgcn-amdhsa=/build/gcc-11-XeT9lY/gcc-11-11.4.0/debian/tmp-gcn/usr --without-cuda-driver --enable-checking=release --build=x86_64-linux-gnu --host=x86_64-linux-gnu --target=x86_64-linux-gnu --with-build-config=bootstrap-lto-lean --enable-link-serialization=2
Thread model: posix
Supported LTO compression algorithms: zlib zstd
gcc version 11.4.0 (Ubuntu 11.4.0-1ubuntu1~22.04) 
COMPILER_PATH=/usr/lib/gcc/x86_64-linux-gnu/11/:/usr/lib/gcc/x86_64-linux-gnu/11/:/usr/lib/gcc/x86_64-linux-gnu/:/usr/lib/gcc/x86_64-linux-gnu/11/:/usr/lib/gcc/x86_64-linux-gnu/
LIBRARY_PATH=/usr/lib/gcc/x86_64-linux-gnu/11/:/usr/lib/gcc/x86_64-linux-gnu/11/../../../x86_64-linux-gnu/:/usr/lib/gcc/x86_64-linux-gnu/11/../../../../lib/:/lib/x86_64-linux-gnu/:/lib/../lib/:/usr/lib/x86_64-linux-gnu/:/usr/lib/../lib/:/usr/lib/gcc/x86_64-linux-gnu/11/../../../:/lib/:/usr/lib/
COLLECT_GCC_OPTIONS='-fplugin=/home/evan/utk/cs594/CompDiff/aflpp/afl-gcc-pass.so' '-v' '-rdynamic' '-o' 'cmTC_aae61' '-g' '-O3' '-funroll-loops' '-D' '__AFL_HAVE_MANUAL_CONTROL=1' '-D' '__AFL_COMPILER=1' '-D' 'FUZZING_BUILD_MODE_UNSAFE_FOR_PRODUCTION=1' '-D' '__AFL_FUZZ_INIT()=int __afl_sharedmem_fuzzing = 1;extern unsigned int *__afl_fuzz_len;extern unsigned char *__afl_fuzz_ptr;unsigned char __afl_fuzz_alt[1048576];unsigned char *__afl_fuzz_alt_ptr = __afl_fuzz_alt;' '-D' '__AFL_COVERAGE()=int __afl_selective_coverage = 1;void __afl_coverage_discard();void __afl_coverage_skip();void __afl_coverage_on();void __afl_coverage_off();' '-D' '__AFL_COVERAGE_START_OFF()=int __afl_selective_coverage_start_off = 1;' '-D' '__AFL_COVERAGE_ON()=__afl_coverage_on()' '-D' '__AFL_COVERAGE_OFF()=__afl_coverage_off()' '-D' '__AFL_COVERAGE_DISCARD()=__afl_coverage_discard()' '-D' '__AFL_COVERAGE_SKIP()=__afl_coverage_skip()' '-D' '__AFL_FUZZ_TESTCASE_BUF=(__afl_fuzz_ptr ? __afl_fuzz_ptr : __afl_fuzz_alt_ptr)' '-D' '__AFL_FUZZ_TESTCASE_LEN=(__afl_fuzz_ptr ? *__afl_fuzz_len : (*__afl_fuzz_len = read(0, __afl_fuzz_alt_ptr, 1048576)) == 0xffffffff ? 0 : *__afl_fuzz_len)' '-D' '__AFL_LOOP(_A)=({ static volatile char *_B __attribute__((used));  _B = (char*)"##SIG_AFL_PERSISTENT##"; __attribute__((visibility("default"))) int _L(unsigned int) __asm__("__afl_persistent_loop"); _L(_A); })' '-D' '__AFL_INIT()=do { static volatile char *_A __attribute__((used));  _A = (char*)"##SIG_AFL_DEFER_FORKSRV##"; __attribute__((visibility("default"))) void _I(void) __asm__("__afl_manual_init"); _I(); } while (0)' '-Wno-unused-command-line-argument' '-mtune=generic' '-march=x86-64' '-dumpdir' 'cmTC_aae61.'
 /usr/lib/gcc/x86_64-linux-gnu/11/collect2 -plugin /usr/lib/gcc/x86_64-linux-gnu/11/liblto_plugin.so -plugin-opt=/usr/lib/gcc/x86_64-linux-gnu/11/lto-wrapper -plugin-opt=-fresolution=/tmp/ccdtaEnW.res -plugin-opt=-pass-through=-lgcc -plugin-opt=-pass-through=-lgcc_s -plugin-opt=-pass-through=-lc -plugin-opt=-pass-through=-lgcc -plugin-opt=-pass-through=-lgcc_s --build-id --eh-frame-hdr -m elf_x86_64 --hash-style=gnu --as-needed -export-dynamic -dynamic-linker /lib64/ld-linux-x86-64.so.2 -pie -z now -z relro -o cmTC_aae61 /usr/lib/gcc/x86_64-linux-gnu/11/../../../x86_64-linux-gnu/Scrt1.o /usr/lib/gcc/x86_64-linux-gnu/11/../../../x86_64-linux-gnu/crti.o /usr/lib/gcc/x86_64-linux-gnu/11/crtbeginS.o -L/usr/lib/gcc/x86_64-linux-gnu/11 -L/usr/lib/gcc/x86_64-linux-gnu/11/../../../x86_64-linux-gnu -L/usr/lib/gcc/x86_64-linux-gnu/11/../../../../lib -L/lib/x86_64-linux-gnu -L/lib/../lib -L/usr/lib/x86_64-linux-gnu -L/usr/lib/../lib -L/usr/lib/gcc/x86_64-linux-gnu/11/../../.. CMakeFiles/cmTC_aae61.dir/CMakeCCompilerABI.c.o /home/evan/utk/cs594/CompDiff/aflpp/afl-compiler-rt.o --dynamic-list=/home/evan/utk/cs594/CompDiff/aflpp/dynamic_list.txt -lgcc --push-state --as-needed -lgcc_s --pop-state -lc -lgcc --push-state --as-needed -lgcc_s --pop-state /usr/lib/gcc/x86_64-linux-gnu/11/crtendS.o /usr/lib/gcc/x86_64-linux-gnu/11/../../../x86_64-linux-gnu/crtn.o
COLLECT_GCC_OPTIONS='-fplugin=/home/evan/utk/cs594/CompDiff/aflpp/afl-gcc-pass.so' '-v' '-rdynamic' '-o' 'cmTC_aae61' '-g' '-O3' '-funroll-loops' '-D' '__AFL_HAVE_MANUAL_CONTROL=1' '-D' '__AFL_COMPILER=1' '-D' 'FUZZING_BUILD_MODE_UNSAFE_FOR_PRODUCTION=1' '-D' '__AFL_FUZZ_INIT()=int __afl_sharedmem_fuzzing = 1;extern unsigned int *__afl_fuzz_len;extern unsigned char *__afl_fuzz_ptr;unsigned char __afl_fuzz_alt[1048576];unsigned char *__afl_fuzz_alt_ptr = __afl_fuzz_alt;' '-D' '__AFL_COVERAGE()=int __afl_selective_coverage = 1;void __afl_coverage_discard();void __afl_coverage_skip();void __afl_coverage_on();void __afl_coverage_off();' '-D' '__AFL_COVERAGE_START_OFF()=int __afl_selective_coverage_start_off = 1;' '-D' '__AFL_COVERAGE_ON()=__afl_coverage_on()' '-D' '__AFL_COVERAGE_OFF()=__afl_coverage_off()' '-D' '__AFL_COVERAGE_DISCARD()=__afl_coverage_discard()' '-D' '__AFL_COVERAGE_SKIP()=__afl_coverage_skip()' '-D' '__AFL_FUZZ_TESTCASE_BUF=(__afl_fuzz_ptr ? __afl_fuzz_ptr : __afl_fuzz_alt_ptr)' '-D' '__AFL_FUZZ_TESTCASE_LEN=(__afl_fuzz_ptr ? *__afl_fuzz_len : (*__afl_fuzz_len = read(0, __afl_fuzz_alt_ptr, 1048576)) == 0xffffffff ? 0 : *__afl_fuzz_len)' '-D' '__AFL_LOOP(_A)=({ static volatile char *_B __attribute__((used));  _B = (char*)"##SIG_AFL_PERSISTENT##"; __attribute__((visibility("default"))) int _L(unsigned int) __asm__("__afl_persistent_loop"); _L(_A); })' '-D' '__AFL_INIT()=do { static volatile char *_A __attribute__((used));  _A = (char*)"##SIG_AFL_DEFER_FORKSRV##"; __attribute__((visibility("default"))) void _I(void) __asm__("__afl_manual_init"); _I(); } while (0)' '-Wno-unused-command-line-argument' '-mtune=generic' '-march=x86-64' '-dumpdir' 'cmTC_aae61.'
gmake[1]: Leaving directory '/home/evan/utk/cs594/CompDiff/examples/xpdf/src/pdftotext-fuzz/xpdf/CMakeFiles/CMakeTmp'



Parsed C implicit include dir info from above output: rv=done
  found start of include info
  found start of implicit include info
    add: [/usr/lib/gcc/x86_64-linux-gnu/11/include]
    add: [/usr/local/include]
    add: [/usr/include/x86_64-linux-gnu]
    add: [/usr/include]
  end of search list found
  collapse include dir [/usr/lib/gcc/x86_64-linux-gnu/11/include] ==> [/usr/lib/gcc/x86_64-linux-gnu/11/include]
  collapse include dir [/usr/local/include] ==> [/usr/local/include]
  collapse include dir [/usr/include/x86_64-linux-gnu] ==> [/usr/include/x86_64-linux-gnu]
  collapse include dir [/usr/include] ==> [/usr/include]
  implicit include dirs: [/usr/lib/gcc/x86_64-linux-gnu/11/include;/usr/local/include;/usr/include/x86_64-linux-gnu;/usr/include]


Parsed C implicit link information from above output:
  link line regex: [^( *|.*[/\])(ld|CMAKE_LINK_STARTFILE-NOTFOUND|([^/\]+-)?ld|collect2)[^/\]*( |$)]
  ignore line: [Change Dir: /home/evan/utk/cs594/CompDiff/examples/xpdf/src/pdftotext-fuzz/xpdf/CMakeFiles/CMakeTmp]
  ignore line: []
  ignore line: [Run Build Command(s):/usr/bin/gmake -f Makefile cmTC_aae61/fast && /usr/bin/gmake  -f CMakeFiles/cmTC_aae61.dir/build.make CMakeFiles/cmTC_aae61.dir/build]
  ignore line: [gmake[1]: Entering directory '/home/evan/utk/cs594/CompDiff/examples/xpdf/src/pdftotext-fuzz/xpdf/CMakeFiles/CMakeTmp']
  ignore line: [Building C object CMakeFiles/cmTC_aae61.dir/CMakeCCompilerABI.c.o]
  ignore line: [/home/evan/utk/cs594/CompDiff/aflpp/afl-clang-fast   -v -o CMakeFiles/cmTC_aae61.dir/CMakeCCompilerABI.c.o -c /usr/share/cmake-3.22/Modules/CMakeCCompilerABI.c]
  ignore line: [Using built-in specs.]
  ignore line: [COLLECT_GCC=gcc]
  ignore line: [OFFLOAD_TARGET_NAMES=nvptx-none:amdgcn-amdhsa]
  ignore line: [OFFLOAD_TARGET_DEFAULT=1]
  ignore line: [Target: x86_64-linux-gnu]
  ignore line: [Configured with: ../src/configure -v --with-pkgversion='Ubuntu 11.4.0-1ubuntu1~22.04' --with-bugurl=file:///usr/share/doc/gcc-11/README.Bugs --enable-languages=c ada c++ go brig d fortran objc obj-c++ m2 --prefix=/usr --with-gcc-major-version-only --program-suffix=-11 --program-prefix=x86_64-linux-gnu- --enable-shared --enable-linker-build-id --libexecdir=/usr/lib --without-included-gettext --enable-threads=posix --libdir=/usr/lib --enable-nls --enable-bootstrap --enable-clocale=gnu --enable-libstdcxx-debug --enable-libstdcxx-time=yes --with-default-libstdcxx-abi=new --enable-gnu-unique-object --disable-vtable-verify --enable-plugin --enable-default-pie --with-system-zlib --enable-libphobos-checking=release --with-target-system-zlib=auto --enable-objc-gc=auto --enable-multiarch --disable-werror --enable-cet --with-arch-32=i686 --with-abi=m64 --with-multilib-list=m32 m64 mx32 --enable-multilib --with-tune=generic --enable-offload-targets=nvptx-none=/build/gcc-11-XeT9lY/gcc-11-11.4.0/debian/tmp-nvptx/usr amdgcn-amdhsa=/build/gcc-11-XeT9lY/gcc-11-11.4.0/debian/tmp-gcn/usr --without-cuda-driver --enable-checking=release --build=x86_64-linux-gnu --host=x86_64-linux-gnu --target=x86_64-linux-gnu --with-build-config=bootstrap-lto-lean --enable-link-serialization=2]
  ignore line: [Thread model: posix]
  ignore line: [Supported LTO compression algorithms: zlib zstd]
  ignore line: [gcc version 11.4.0 (Ubuntu 11.4.0-1ubuntu1~22.04) ]
  ignore line: [COLLECT_GCC_OPTIONS='-fplugin=/home/evan/utk/cs594/CompDiff/aflpp/afl-gcc-pass.so' '-v' '-o' 'CMakeFiles/cmTC_aae61.dir/CMakeCCompilerABI.c.o' '-c' '-g' '-O3' '-funroll-loops' '-D' '__AFL_HAVE_MANUAL_CONTROL=1' '-D' '__AFL_COMPILER=1' '-D' 'FUZZING_BUILD_MODE_UNSAFE_FOR_PRODUCTION=1' '-D' '__AFL_FUZZ_INIT()=int __afl_sharedmem_fuzzing = 1]
  ignore line: [extern unsigned int *__afl_fuzz_len]
  ignore line: [extern unsigned char *__afl_fuzz_ptr]
  ignore line: [unsigned char __afl_fuzz_alt[1048576]]
  ignore line: [unsigned char *__afl_fuzz_alt_ptr = __afl_fuzz_alt]
  ignore line: [' '-D' '__AFL_COVERAGE()=int __afl_selective_coverage = 1]
  ignore line: [void __afl_coverage_discard()]
  ignore line: [void __afl_coverage_skip()]
  ignore line: [void __afl_coverage_on()]
  ignore line: [void __afl_coverage_off()]
  ignore line: [' '-D' '__AFL_COVERAGE_START_OFF()=int __afl_selective_coverage_start_off = 1]
  ignore line: [' '-D' '__AFL_COVERAGE_ON()=__afl_coverage_on()' '-D' '__AFL_COVERAGE_OFF()=__afl_coverage_off()' '-D' '__AFL_COVERAGE_DISCARD()=__afl_coverage_discard()' '-D' '__AFL_COVERAGE_SKIP()=__afl_coverage_skip()' '-D' '__AFL_FUZZ_TESTCASE_BUF=(__afl_fuzz_ptr ? __afl_fuzz_ptr : __afl_fuzz_alt_ptr)' '-D' '__AFL_FUZZ_TESTCASE_LEN=(__afl_fuzz_ptr ? *__afl_fuzz_len : (*__afl_fuzz_len = read(0  __afl_fuzz_alt_ptr  1048576)) == 0xffffffff ? 0 : *__afl_fuzz_len)' '-D' '__AFL_LOOP(_A)=({ static volatile char *_B __attribute__((used))]
  ignore line: [  _B = (char*)"##SIG_AFL_PERSISTENT##"]
  ignore line: [ __attribute__((visibility("default"))) int _L(unsigned int) __asm__("__afl_persistent_loop")]
  ignore line: [ _L(_A)]
  ignore line: [ })' '-D' '__AFL_INIT()=do { static volatile char *_A __attribute__((used))]
  ignore line: [  _A = (char*)"##SIG_AFL_DEFER_FORKSRV##"]
  ignore line: [ __attribute__((visibility("default"))) void _I(void) __asm__("__afl_manual_init")]
  ignore line: [ _I()]
  ignore line: [ } while (0)' '-Wno-unused-command-line-argument' '-mtune=generic' '-march=x86-64' '-dumpdir' 'CMakeFiles/cmTC_aae61.dir/']
  ignore line: [ /usr/lib/gcc/x86_64-linux-gnu/11/cc1 -quiet -v -imultiarch x86_64-linux-gnu -iplugindir=/usr/lib/gcc/x86_64-linux-gnu/11/plugin -D __AFL_HAVE_MANUAL_CONTROL=1 -D __AFL_COMPILER=1 -D FUZZING_BUILD_MODE_UNSAFE_FOR_PRODUCTION=1 -D __AFL_FUZZ_INIT()=int __afl_sharedmem_fuzzing = 1]
  ignore line: [extern unsigned int *__afl_fuzz_len]
  ignore line: [extern unsigned char *__afl_fuzz_ptr]
  ignore line: [unsigned char __afl_fuzz_alt[1048576]]
  ignore line: [unsigned char *__afl_fuzz_alt_ptr = __afl_fuzz_alt]
  ignore line: [ -D __AFL_COVERAGE()=int __afl_selective_coverage = 1]
  ignore line: [void __afl_coverage_discard()]
  ignore line: [void __afl_coverage_skip()]
  ignore line: [void __afl_coverage_on()]
  ignore line: [void __afl_coverage_off()]
  ignore line: [ -D __AFL_COVERAGE_START_OFF()=int __afl_selective_coverage_start_off = 1]
  ignore line: [ -D __AFL_COVERAGE_ON()=__afl_coverage_on() -D __AFL_COVERAGE_OFF()=__afl_coverage_off() -D __AFL_COVERAGE_DISCARD()=__afl_coverage_discard() -D __AFL_COVERAGE_SKIP()=__afl_coverage_skip() -D __AFL_FUZZ_TESTCASE_BUF=(__afl_fuzz_ptr ? __afl_fuzz_ptr : __afl_fuzz_alt_ptr) -D __AFL_FUZZ_TESTCASE_LEN=(__afl_fuzz_ptr ? *__afl_fuzz_len : (*__afl_fuzz_len = read(0  __afl_fuzz_alt_ptr  1048576)) == 0xffffffff ? 0 : *__afl_fuzz_len) -D __AFL_LOOP(_A)=({ static volatile char *_B __attribute__((used))]
  ignore line: [  _B = (char*)"##SIG_AFL_PERSISTENT##"]
  ignore line: [ __attribute__((visibility("default"))) int _L(unsigned int) __asm__("__afl_persistent_loop")]
  ignore line: [ _L(_A)]
  ignore line: [ }) -D __AFL_INIT()=do { static volatile char *_A __attribute__((used))]
  ignore line: [  _A = (char*)"##SIG_AFL_DEFER_FORKSRV##"]
  ignore line: [ __attribute__((visibility("default"))) void _I(void) __asm__("__afl_manual_init")]
  ignore line: [ _I()]
  ignore line: [ } while (0) /usr/share/cmake-3.22/Modules/CMakeCCompilerABI.c -iplugindir=/usr/lib/gcc/x86_64-linux-gnu/11/plugin -quiet -dumpdir CMakeFiles/cmTC_aae61.dir/ -dumpbase CMakeCCompilerABI.c.c -dumpbase-ext .c -mtune=generic -march=x86-64 -g -O3 -Wno-unused-command-line-argument -version -fplugin=/home/evan/utk/cs594/CompDiff/aflpp/afl-gcc-pass.so -funroll-loops -fasynchronous-unwind-tables -fstack-protector-strong -Wformat -Wformat-security -fstack-clash-protection -fcf-protection -o /tmp/ccjyLlBd.s]
  ignore line: [GNU C17 (Ubuntu 11.4.0-1ubuntu1~22.04) version 11.4.0 (x86_64-linux-gnu)]
  ignore line: [	compiled by GNU C version 11.4.0  GMP version 6.2.1  MPFR version 4.1.0  MPC version 1.2.1  isl version isl-0.24-GMP]
  ignore line: []
  ignore line: [GGC heuristics: --param ggc-min-expand=100 --param ggc-min-heapsize=131072]
  ignore line: [Versions of loaded plugins:]
  ignore line: [ afl-gcc-pass: 20200907]
  ignore line: [ignoring nonexistent directory "/usr/local/include/x86_64-linux-gnu"]
  ignore line: [ignoring nonexistent directory "/usr/lib/gcc/x86_64-linux-gnu/11/include-fixed"]
  ignore line: [ignoring nonexistent directory "/usr/lib/gcc/x86_64-linux-gnu/11/../../../../x86_64-linux-gnu/include"]
  ignore line: [#include "..." search starts here:]
  ignore line: [#include <...> search starts here:]
  ignore line: [ /usr/lib/gcc/x86_64-linux-gnu/11/include]
  ignore line: [ /usr/local/include]
  ignore line: [ /usr/include/x86_64-linux-gnu]
  ignore line: [ /usr/include]
  ignore line: [End of search list.]
  ignore line: [GNU C17 (Ubuntu 11.4.0-1ubuntu1~22.04) version 11.4.0 (x86_64-linux-gnu)]
  ignore line: [	compiled by GNU C version 11.4.0  GMP version 6.2.1  MPFR version 4.1.0  MPC version 1.2.1  isl version isl-0.24-GMP]
  ignore line: []
  ignore line: [GGC heuristics: --param ggc-min-expand=100 --param ggc-min-heapsize=131072]
  ignore line: [Versions of loaded plugins:]
  ignore line: [ afl-gcc-pass: 20200907]
  ignore line: [Compiler executable checksum: 50eaa2331df977b8016186198deb2d18]
  ignore line: [COLLECT_GCC_OPTIONS='-fplugin=/home/evan/utk/cs594/CompDiff/aflpp/afl-gcc-pass.so' '-v' '-o' 'CMakeFiles/cmTC_aae61.dir/CMakeCCompilerABI.c.o' '-c' '-g' '-O3' '-funroll-loops' '-D' '__AFL_HAVE_MANUAL_CONTROL=1' '-D' '__AFL_COMPILER=1' '-D' 'FUZZING_BUILD_MODE_UNSAFE_FOR_PRODUCTION=1' '-D' '__AFL_FUZZ_INIT()=int __afl_sharedmem_fuzzing = 1]
  ignore line: [extern unsigned int *__afl_fuzz_len]
  ignore line: [extern unsigned char *__afl_fuzz_ptr]
  ignore line: [unsigned char __afl_fuzz_alt[1048576]]
  ignore line: [unsigned char *__afl_fuzz_alt_ptr = __afl_fuzz_alt]
  ignore line: [' '-D' '__AFL_COVERAGE()=int __afl_selective_coverage = 1]
  ignore line: [void __afl_coverage_discard()]
  ignore line: [void __afl_coverage_skip()]
  ignore line: [void __afl_coverage_on()]
  ignore line: [void __afl_coverage_off()]
  ignore line: [' '-D' '__AFL_COVERAGE_START_OFF()=int __afl_selective_coverage_start_off = 1]
  ignore line: [' '-D' '__AFL_COVERAGE_ON()=__afl_coverage_on()' '-D' '__AFL_COVERAGE_OFF()=__afl_coverage_off()' '-D' '__AFL_COVERAGE_DISCARD()=__afl_coverage_discard()' '-D' '__AFL_COVERAGE_SKIP()=__afl_coverage_skip()' '-D' '__AFL_FUZZ_TESTCASE_BUF=(__afl_fuzz_ptr ? __afl_fuzz_ptr : __afl_fuzz_alt_ptr)' '-D' '__AFL_FUZZ_TESTCASE_LEN=(__afl_fuzz_ptr ? *__afl_fuzz_len : (*__afl_fuzz_len = read(0  __afl_fuzz_alt_ptr  1048576)) == 0xffffffff ? 0 : *__afl_fuzz_len)' '-D' '__AFL_LOOP(_A)=({ static volatile char *_B __attribute__((used))]
  ignore line: [  _B = (char*)"##SIG_AFL_PERSISTENT##"]
  ignore line: [ __attribute__((visibility("default"))) int _L(unsigned int) __asm__("__afl_persistent_loop")]
  ignore line: [ _L(_A)]
  ignore line: [ })' '-D' '__AFL_INIT()=do { static volatile char *_A __attribute__((used))]
  ignore line: [  _A = (char*)"##SIG_AFL_DEFER_FORKSRV##"]
  ignore line: [ __attribute__((visibility("default"))) void _I(void) __asm__("__afl_manual_init")]
  ignore line: [ _I()]
  ignore line: [ } while (0)' '-Wno-unused-command-line-argument' '-mtune=generic' '-march=x86-64' '-dumpdir' 'CMakeFiles/cmTC_aae61.dir/']
  ignore line: [ as -v --gdwarf-5 --64 -o CMakeFiles/cmTC_aae61.dir/CMakeCCompilerABI.c.o /tmp/ccjyLlBd.s]
  ignore line: [GNU assembler version 2.38 (x86_64-linux-gnu) using BFD version (GNU Binutils for Ubuntu) 2.38]
  ignore line: [COMPILER_PATH=/usr/lib/gcc/x86_64-linux-gnu/11/:/usr/lib/gcc/x86_64-linux-gnu/11/:/usr/lib/gcc/x86_64-linux-gnu/:/usr/lib/gcc/x86_64-linux-gnu/11/:/usr/lib/gcc/x86_64-linux-gnu/]
  ignore line: [LIBRARY_PATH=/usr/lib/gcc/x86_64-linux-gnu/11/:/usr/lib/gcc/x86_64-linux-gnu/11/../../../x86_64-linux-gnu/:/usr/lib/gcc/x86_64-linux-gnu/11/../../../../lib/:/lib/x86_64-linux-gnu/:/lib/../lib/:/usr/lib/x86_64-linux-gnu/:/usr/lib/../lib/:/usr/lib/gcc/x86_64-linux-gnu/11/../../../:/lib/:/usr/lib/]
  ignore line: [COLLECT_GCC_OPTIONS='-fplugin=/home/evan/utk/cs594/CompDiff/aflpp/afl-gcc-pass.so' '-v' '-o' 'CMakeFiles/cmTC_aae61.dir/CMakeCCompilerABI.c.o' '-c' '-g' '-O3' '-funroll-loops' '-D' '__AFL_HAVE_MANUAL_CONTROL=1' '-D' '__AFL_COMPILER=1' '-D' 'FUZZING_BUILD_MODE_UNSAFE_FOR_PRODUCTION=1' '-D' '__AFL_FUZZ_INIT()=int __afl_sharedmem_fuzzing = 1]
  ignore line: [extern unsigned int *__afl_fuzz_len]
  ignore line: [extern unsigned char *__afl_fuzz_ptr]
  ignore line: [unsigned char __afl_fuzz_alt[1048576]]
  ignore line: [unsigned char *__afl_fuzz_alt_ptr = __afl_fuzz_alt]
  ignore line: [' '-D' '__AFL_COVERAGE()=int __afl_selective_coverage = 1]
  ignore line: [void __afl_coverage_discard()]
  ignore line: [void __afl_coverage_skip()]
  ignore line: [void __afl_coverage_on()]
  ignore line: [void __afl_coverage_off()]
  ignore line: [' '-D' '__AFL_COVERAGE_START_OFF()=int __afl_selective_coverage_start_off = 1]
  ignore line: [' '-D' '__AFL_COVERAGE_ON()=__afl_coverage_on()' '-D' '__AFL_COVERAGE_OFF()=__afl_coverage_off()' '-D' '__AFL_COVERAGE_DISCARD()=__afl_coverage_discard()' '-D' '__AFL_COVERAGE_SKIP()=__afl_coverage_skip()' '-D' '__AFL_FUZZ_TESTCASE_BUF=(__afl_fuzz_ptr ? __afl_fuzz_ptr : __afl_fuzz_alt_ptr)' '-D' '__AFL_FUZZ_TESTCASE_LEN=(__afl_fuzz_ptr ? *__afl_fuzz_len : (*__afl_fuzz_len = read(0  __afl_fuzz_alt_ptr  1048576)) == 0xffffffff ? 0 : *__afl_fuzz_len)' '-D' '__AFL_LOOP(_A)=({ static volatile char *_B __attribute__((used))]
  ignore line: [  _B = (char*)"##SIG_AFL_PERSISTENT##"]
  ignore line: [ __attribute__((visibility("default"))) int _L(unsigned int) __asm__("__afl_persistent_loop")]
  ignore line: [ _L(_A)]
  ignore line: [ })' '-D' '__AFL_INIT()=do { static volatile char *_A __attribute__((used))]
  ignore line: [  _A = (char*)"##SIG_AFL_DEFER_FORKSRV##"]
  ignore line: [ __attribute__((visibility("default"))) void _I(void) __asm__("__afl_manual_init")]
  ignore line: [ _I()]
  ignore line: [ } while (0)' '-Wno-unused-command-line-argument' '-mtune=generic' '-march=x86-64' '-dumpdir' 'CMakeFiles/cmTC_aae61.dir/CMakeCCompilerABI.c.']
  ignore line: [Linking C executable cmTC_aae61]
  ignore line: [/usr/bin/cmake -E cmake_link_script CMakeFiles/cmTC_aae61.dir/link.txt --verbose=1]
  ignore line: [/home/evan/utk/cs594/CompDiff/aflpp/afl-clang-fast  -v -rdynamic CMakeFiles/cmTC_aae61.dir/CMakeCCompilerABI.c.o -o cmTC_aae61 ]
  ignore line: [Using built-in specs.]
  ignore line: [COLLECT_GCC=gcc]
  ignore line: [COLLECT_LTO_WRAPPER=/usr/lib/gcc/x86_64-linux-gnu/11/lto-wrapper]
  ignore line: [OFFLOAD_TARGET_NAMES=nvptx-none:amdgcn-amdhsa]
  ignore line: [OFFLOAD_TARGET_DEFAULT=1]
  ignore line: [Target: x86_64-linux-gnu]
  ignore line: [Configured with: ../src/configure -v --with-pkgversion='Ubuntu 11.4.0-1ubuntu1~22.04' --with-bugurl=file:///usr/share/doc/gcc-11/README.Bugs --enable-languages=c ada c++ go brig d fortran objc obj-c++ m2 --prefix=/usr --with-gcc-major-version-only --program-suffix=-11 --program-prefix=x86_64-linux-gnu- --enable-shared --enable-linker-build-id --libexecdir=/usr/lib --without-included-gettext --enable-threads=posix --libdir=/usr/lib --enable-nls --enable-bootstrap --enable-clocale=gnu --enable-libstdcxx-debug --enable-libstdcxx-time=yes --with-default-libstdcxx-abi=new --enable-gnu-unique-object --disable-vtable-verify --enable-plugin --enable-default-pie --with-system-zlib --enable-libphobos-checking=release --with-target-system-zlib=auto --enable-objc-gc=auto --enable-multiarch --disable-werror --enable-cet --with-arch-32=i686 --with-abi=m64 --with-multilib-list=m32 m64 mx32 --enable-multilib --with-tune=generic --enable-offload-targets=nvptx-none=/build/gcc-11-XeT9lY/gcc-11-11.4.0/debian/tmp-nvptx/usr amdgcn-amdhsa=/build/gcc-11-XeT9lY/gcc-11-11.4.0/debian/tmp-gcn/usr --without-cuda-driver --enable-checking=release --build=x86_64-linux-gnu --host=x86_64-linux-gnu --target=x86_64-linux-gnu --with-build-config=bootstrap-lto-lean --enable-link-serialization=2]
  ignore line: [Thread model: posix]
  ignore line: [Supported LTO compression algorithms: zlib zstd]
  ignore line: [gcc version 11.4.0 (Ubuntu 11.4.0-1ubuntu1~22.04) ]
  ignore line: [COMPILER_PATH=/usr/lib/gcc/x86_64-linux-gnu/11/:/usr/lib/gcc/x86_64-linux-gnu/11/:/usr/lib/gcc/x86_64-linux-gnu/:/usr/lib/gcc/x86_64-linux-gnu/11/:/usr/lib/gcc/x86_64-linux-gnu/]
  ignore line: [LIBRARY_PATH=/usr/lib/gcc/x86_64-linux-gnu/11/:/usr/lib/gcc/x86_64-linux-gnu/11/../../../x86_64-linux-gnu/:/usr/lib/gcc/x86_64-linux-gnu/11/../../../../lib/:/lib/x86_64-linux-gnu/:/lib/../lib/:/usr/lib/x86_64-linux-gnu/:/usr/lib/../lib/:/usr/lib/gcc/x86_64-linux-gnu/11/../../../:/lib/:/usr/lib/]
  ignore line: [COLLECT_GCC_OPTIONS='-fplugin=/home/evan/utk/cs594/CompDiff/aflpp/afl-gcc-pass.so' '-v' '-rdynamic' '-o' 'cmTC_aae61' '-g' '-O3' '-funroll-loops' '-D' '__AFL_HAVE_MANUAL_CONTROL=1' '-D' '__AFL_COMPILER=1' '-D' 'FUZZING_BUILD_MODE_UNSAFE_FOR_PRODUCTION=1' '-D' '__AFL_FUZZ_INIT()=int __afl_sharedmem_fuzzing = 1]
  ignore line: [extern unsigned int *__afl_fuzz_len]
  ignore line: [extern unsigned char *__afl_fuzz_ptr]
  ignore line: [unsigned char __afl_fuzz_alt[1048576]]
  ignore line: [unsigned char *__afl_fuzz_alt_ptr = __afl_fuzz_alt]
  ignore line: [' '-D' '__AFL_COVERAGE()=int __afl_selective_coverage = 1]
  ignore line: [void __afl_coverage_discard()]
  ignore line: [void __afl_coverage_skip()]
  ignore line: [void __afl_coverage_on()]
  ignore line: [void __afl_coverage_off()]
  ignore line: [' '-D' '__AFL_COVERAGE_START_OFF()=int __afl_selective_coverage_start_off = 1]
  ignore line: [' '-D' '__AFL_COVERAGE_ON()=__afl_coverage_on()' '-D' '__AFL_COVERAGE_OFF()=__afl_coverage_off()' '-D' '__AFL_COVERAGE_DISCARD()=__afl_coverage_discard()' '-D' '__AFL_COVERAGE_SKIP()=__afl_coverage_skip()' '-D' '__AFL_FUZZ_TESTCASE_BUF=(__afl_fuzz_ptr ? __afl_fuzz_ptr : __afl_fuzz_alt_ptr)' '-D' '__AFL_FUZZ_TESTCASE_LEN=(__afl_fuzz_ptr ? *__afl_fuzz_len : (*__afl_fuzz_len = read(0  __afl_fuzz_alt_ptr  1048576)) == 0xffffffff ? 0 : *__afl_fuzz_len)' '-D' '__AFL_LOOP(_A)=({ static volatile char *_B __attribute__((used))]
  ignore line: [  _B = (char*)"##SIG_AFL_PERSISTENT##"]
  ignore line: [ __attribute__((visibility("default"))) int _L(unsigned int) __asm__("__afl_persistent_loop")]
  ignore line: [ _L(_A)]
  ignore line: [ })' '-D' '__AFL_INIT()=do { static volatile char *_A __attribute__((used))]
  ignore line: [  _A = (char*)"##SIG_AFL_DEFER_FORKSRV##"]
  ignore line: [ __attribute__((visibility("default"))) void _I(void) __asm__("__afl_manual_init")]
  ignore line: [ _I()]
  ignore line: [ } while (0)' '-Wno-unused-command-line-argument' '-mtune=generic' '-march=x86-64' '-dumpdir' 'cmTC_aae61.']
  link line: [ /usr/lib/gcc/x86_64-linux-gnu/11/collect2 -plugin /usr/lib/gcc/x86_64-linux-gnu/11/liblto_plugin.so -plugin-opt=/usr/lib/gcc/x86_64-linux-gnu/11/lto-wrapper -plugin-opt=-fresolution=/tmp/ccdtaEnW.res -plugin-opt=-pass-through=-lgcc -plugin-opt=-pass-through=-lgcc_s -plugin-opt=-pass-through=-lc -plugin-opt=-pass-through=-lgcc -plugin-opt=-pass-through=-lgcc_s --build-id --eh-frame-hdr -m elf_x86_64 --hash-style=gnu --as-needed -export-dynamic -dynamic-linker /lib64/ld-linux-x86-64.so.2 -pie -z now -z relro -o cmTC_aae61 /usr/lib/gcc/x86_64-linux-gnu/11/../../../x86_64-linux-gnu/Scrt1.o /usr/lib/gcc/x86_64-linux-gnu/11/../../../x86_64-linux-gnu/crti.o /usr/lib/gcc/x86_64-linux-gnu/11/crtbeginS.o -L/usr/lib/gcc/x86_64-linux-gnu/11 -L/usr/lib/gcc/x86_64-linux-gnu/11/../../../x86_64-linux-gnu -L/usr/lib/gcc/x86_64-linux-gnu/11/../../../../lib -L/lib/x86_64-linux-gnu -L/lib/../lib -L/usr/lib/x86_64-linux-gnu -L/usr/lib/../lib -L/usr/lib/gcc/x86_64-linux-gnu/11/../../.. CMakeFiles/cmTC_aae61.dir/CMakeCCompilerABI.c.o /home/evan/utk/cs594/CompDiff/aflpp/afl-compiler-rt.o --dynamic-list=/home/evan/utk/cs594/CompDiff/aflpp/dynamic_list.txt -lgcc --push-state --as-needed -lgcc_s --pop-state -lc -lgcc --push-state --as-needed -lgcc_s --pop-state /usr/lib/gcc/x86_64-linux-gnu/11/crtendS.o /usr/lib/gcc/x86_64-linux-gnu/11/../../../x86_64-linux-gnu/crtn.o]
    arg [/usr/lib/gcc/x86_64-linux-gnu/11/collect2] ==> ignore
    arg [-plugin] ==> ignore
    arg [/usr/lib/gcc/x86_64-linux-gnu/11/liblto_plugin.so] ==> ignore
    arg [-plugin-opt=/usr/lib/gcc/x86_64-linux-gnu/11/lto-wrapper] ==> ignore
    arg [-plugin-opt=-fresolution=/tmp/ccdtaEnW.res] ==> ignore
    arg [-plugin-opt=-pass-through=-lgcc] ==> ignore
    arg [-plugin-opt=-pass-through=-lgcc_s] ==> ignore
    arg [-plugin-opt=-pass-through=-lc] ==> ignore
    arg [-plugin-opt=-pass-through=-lgcc] ==> ignore
    arg [-plugin-opt=-pass-through=-lgcc_s] ==> ignore
    arg [--build-id] ==> ignore
    arg [--eh-frame-hdr] ==> ignore
    arg [-m] ==> ignore
    arg [elf_x86_64] ==> ignore
    arg [--hash-style=gnu] ==> ignore
    arg [--as-needed] ==> ignore
    arg [-export-dynamic] ==> ignore
    arg [-dynamic-linker] ==> ignore
    arg [/lib64/ld-linux-x86-64.so.2] ==> ignore
    arg [-pie] ==> ignore
    arg [-znow] ==> ignore
    arg [-zrelro] ==> ignore
    arg [-o] ==> ignore
    arg [cmTC_aae61] ==> ignore
    arg [/usr/lib/gcc/x86_64-linux-gnu/11/../../../x86_64-linux-gnu/Scrt1.o] ==> obj [/usr/lib/gcc/x86_64-linux-gnu/11/../../../x86_64-linux-gnu/Scrt1.o]
    arg [/usr/lib/gcc/x86_64-linux-gnu/11/../../../x86_64-linux-gnu/crti.o] ==> obj [/usr/lib/gcc/x86_64-linux-gnu/11/../../../x86_64-linux-gnu/crti.o]
    arg [/usr/lib/gcc/x86_64-linux-gnu/11/crtbeginS.o] ==> obj [/usr/lib/gcc/x86_64-linux-gnu/11/crtbeginS.o]
    arg [-L/usr/lib/gcc/x86_64-linux-gnu/11] ==> dir [/usr/lib/gcc/x86_64-linux-gnu/11]
    arg [-L/usr/lib/gcc/x86_64-linux-gnu/11/../../../x86_64-linux-gnu] ==> dir [/usr/lib/gcc/x86_64-linux-gnu/11/../../../x86_64-linux-gnu]
    arg [-L/usr/lib/gcc/x86_64-linux-gnu/11/../../../../lib] ==> dir [/usr/lib/gcc/x86_64-linux-gnu/11/../../../../lib]
    arg [-L/lib/x86_64-linux-gnu] ==> dir [/lib/x86_64-linux-gnu]
    arg [-L/lib/../lib] ==> dir [/lib/../lib]
    arg [-L/usr/lib/x86_64-linux-gnu] ==> dir [/usr/lib/x86_64-linux-gnu]
    arg [-L/usr/lib/../lib] ==> dir [/usr/lib/../lib]
    arg [-L/usr/lib/gcc/x86_64-linux-gnu/11/../../..] ==> dir [/usr/lib/gcc/x86_64-linux-gnu/11/../../..]
    arg [CMakeFiles/cmTC_aae61.dir/CMakeCCompilerABI.c.o] ==> ignore
    arg [/home/evan/utk/cs594/CompDiff/aflpp/afl-compiler-rt.o] ==> obj [/home/evan/utk/cs594/CompDiff/aflpp/afl-compiler-rt.o]
    arg [--dynamic-list=/home/evan/utk/cs594/CompDiff/aflpp/dynamic_list.txt] ==> ignore
    arg [-lgcc] ==> lib [gcc]
    arg [--push-state] ==> ignore
    arg [--as-needed] ==> ignore
    arg [-lgcc_s] ==> lib [gcc_s]
    arg [--pop-state] ==> ignore
    arg [-lc] ==> lib [c]
    arg [-lgcc] ==> lib [gcc]
    arg [--push-state] ==> ignore
    arg [--as-needed] ==> ignore
    arg [-lgcc_s] ==> lib [gcc_s]
    arg [--pop-state] ==> ignore
    arg [/usr/lib/gcc/x86_64-linux-gnu/11/crtendS.o] ==> obj [/usr/lib/gcc/x86_64-linux-gnu/11/crtendS.o]
    arg [/usr/lib/gcc/x86_64-linux-gnu/11/../../../x86_64-linux-gnu/crtn.o] ==> obj [/usr/lib/gcc/x86_64-linux-gnu/11/../../../x86_64-linux-gnu/crtn.o]
  collapse obj [/usr/lib/gcc/x86_64-linux-gnu/11/../../../x86_64-linux-gnu/Scrt1.o] ==> [/usr/lib/x86_64-linux-gnu/Scrt1.o]
  collapse obj [/usr/lib/gcc/x86_64-linux-gnu/11/../../../x86_64-linux-gnu/crti.o] ==> [/usr/lib/x86_64-linux-gnu/crti.o]
  collapse obj [/usr/lib/gcc/x86_64-linux-gnu/11/../../../x86_64-linux-gnu/crtn.o] ==> [/usr/lib/x86_64-linux-gnu/crtn.o]
  collapse library dir [/usr/lib/gcc/x86_64-linux-gnu/11] ==> [/usr/lib/gcc/x86_64-linux-gnu/11]
  collapse library dir [/usr/lib/gcc/x86_64-linux-gnu/11/../../../x86_64-linux-gnu] ==> [/usr/lib/x86_64-linux-gnu]
  collapse library dir [/usr/lib/gcc/x86_64-linux-gnu/11/../../../../lib] ==> [/usr/lib]
  collapse library dir [/lib/x86_64-linux-gnu] ==> [/lib/x86_64-linux-gnu]
  collapse library dir [/lib/../lib] ==> [/lib]
  collapse library dir [/usr/lib/x86_64-linux-gnu] ==> [/usr/lib/x86_64-linux-gnu]
  collapse library dir [/usr/lib/../lib] ==> [/usr/lib]
  collapse library dir [/usr/lib/gcc/x86_64-linux-gnu/11/../../..] ==> [/usr/lib]
  implicit libs: [gcc;gcc_s;c;gcc;gcc_s]
  implicit objs: [/usr/lib/x86_64-linux-gnu/Scrt1.o;/usr/lib/x86_64-linux-gnu/crti.o;/usr/lib/gcc/x86_64-linux-gnu/11/crtbeginS.o;/home/evan/utk/cs594/CompDiff/aflpp/afl-compiler-rt.o;/usr/lib/gcc/x86_64-linux-gnu/11/crtendS.o;/usr/lib/x86_64-linux-gnu/crtn.o]
  implicit dirs: [/usr/lib/gcc/x86_64-linux-gnu/11;/usr/lib/x86_64-linux-gnu;/usr/lib;/lib/x86_64-linux-gnu;/lib]
  implicit fwks: []


Detecting CXX compiler ABI info compiled with the following output:
Change Dir: /home/evan/utk/cs594/CompDiff/examples/xpdf/src/pdftotext-fuzz/xpdf/CMakeFiles/CMakeTmp

Run Build Command(s):/usr/bin/gmake -f Makefile cmTC_d0dcd/fast && /usr/bin/gmake  -f CMakeFiles/cmTC_d0dcd.dir/build.make CMakeFiles/cmTC_d0dcd.dir/build
gmake[1]: Entering directory '/home/evan/utk/cs594/CompDiff/examples/xpdf/src/pdftotext-fuzz/xpdf/CMakeFiles/CMakeTmp'
Building CXX object CMakeFiles/cmTC_d0dcd.dir/CMakeCXXCompilerABI.cpp.o
/home/evan/utk/cs594/CompDiff/aflpp/afl-clang-fast++   -v -o CMakeFiles/cmTC_d0dcd.dir/CMakeCXXCompilerABI.cpp.o -c /usr/share/cmake-3.22/Modules/CMakeCXXCompilerABI.cpp
Using built-in specs.
COLLECT_GCC=g++
OFFLOAD_TARGET_NAMES=nvptx-none:amdgcn-amdhsa
OFFLOAD_TARGET_DEFAULT=1
Target: x86_64-linux-gnu
Configured with: ../src/configure -v --with-pkgversion='Ubuntu 11.4.0-1ubuntu1~22.04' --with-bugurl=file:///usr/share/doc/gcc-11/README.Bugs --enable-languages=c,ada,c++,go,brig,d,fortran,objc,obj-c++,m2 --prefix=/usr --with-gcc-major-version-only --program-suffix=-11 --program-prefix=x86_64-linux-gnu- --enable-shared --enable-linker-build-id --libexecdir=/usr/lib --without-included-gettext --enable-threads=posix --libdir=/usr/lib --enable-nls --enable-bootstrap --enable-clocale=gnu --enable-libstdcxx-debug --enable-libstdcxx-time=yes --with-default-libstdcxx-abi=new --enable-gnu-unique-object --disable-vtable-verify --enable-plugin --enable-default-pie --with-system-zlib --enable-libphobos-checking=release --with-target-system-zlib=auto --enable-objc-gc=auto --enable-multiarch --disable-werror --enable-cet --with-arch-32=i686 --with-abi=m64 --with-multilib-list=m32,m64,mx32 --enable-multilib --with-tune=generic --enable-offload-targets=nvptx-none=/build/gcc-11-XeT9lY/gcc-11-11.4.0/debian/tmp-nvptx/usr,amdgcn-amdhsa=/build/gcc-11-XeT9lY/gcc-11-11.4.0/debian/tmp-gcn/usr --without-cuda-driver --enable-checking=release --build=x86_64-linux-gnu --host=x86_64-linux-gnu --target=x86_64-linux-gnu --with-build-config=bootstrap-lto-lean --enable-link-serialization=2
Thread model: posix
Supported LTO compression algorithms: zlib zstd
gcc version 11.4.0 (Ubuntu 11.4.0-1ubuntu1~22.04) 
COLLECT_GCC_OPTIONS='-fplugin=/home/evan/utk/cs594/CompDiff/aflpp/afl-gcc-pass.so' '-v' '-o' 'CMakeFiles/cmTC_d0dcd.dir/CMakeCXXCompilerABI.cpp.o' '-c' '-g' '-O3' '-funroll-loops' '-D' '__AFL_HAVE_MANUAL_CONTROL=1' '-D' '__AFL_COMPILER=1' '-D' 'FUZZING_BUILD_MODE_UNSAFE_FOR_PRODUCTION=1' '-D' '__AFL_FUZZ_INIT()=int __afl_sharedmem_fuzzing = 1;extern unsigned int *__afl_fuzz_len;extern unsigned char *__afl_fuzz_ptr;unsigned char __afl_fuzz_alt[1048576];unsigned char *__afl_fuzz_alt_ptr = __afl_fuzz_alt;' '-D' '__AFL_COVERAGE()=int __afl_selective_coverage = 1;extern "C" void __afl_coverage_discard();extern "C" void __afl_coverage_skip();extern "C" void __afl_coverage_on();extern "C" void __afl_coverage_off();' '-D' '__AFL_COVERAGE_START_OFF()=int __afl_selective_coverage_start_off = 1;' '-D' '__AFL_COVERAGE_ON()=__afl_coverage_on()' '-D' '__AFL_COVERAGE_OFF()=__afl_coverage_off()' '-D' '__AFL_COVERAGE_DISCARD()=__afl_coverage_discard()' '-D' '__AFL_COVERAGE_SKIP()=__afl_coverage_skip()' '-D' '__AFL_FUZZ_TESTCASE_BUF=(__afl_fuzz_ptr ? __afl_fuzz_ptr : __afl_fuzz_alt_ptr)' '-D' '__AFL_FUZZ_TESTCASE_LEN=(__afl_fuzz_ptr ? *__afl_fuzz_len : (*__afl_fuzz_len = read(0, __afl_fuzz_alt_ptr, 1048576)) == 0xffffffff ? 0 : *__afl_fuzz_len)' '-D' '__AFL_LOOP(_A)=({ static volatile char *_B __attribute__((used));  _B = (char*)"##SIG_AFL_PERSISTENT##"; __attribute__((visibility("default"))) int _L(unsigned int) __asm__("__afl_persistent_loop"); _L(_A); })' '-D' '__AFL_INIT()=do { static volatile char *_A __attribute__((used));  _A = (char*)"##SIG_AFL_DEFER_FORKSRV##"; __attribute__((visibility("default"))) void _I(void) __asm__("__afl_manual_init"); _I(); } while (0)' '-Wno-unused-command-line-argument' '-shared-libgcc' '-mtune=generic' '-march=x86-64' '-dumpdir' 'CMakeFiles/cmTC_d0dcd.dir/'
 /usr/lib/gcc/x86_64-linux-gnu/11/cc1plus -quiet -v -imultiarch x86_64-linux-gnu -iplugindir=/usr/lib/gcc/x86_64-linux-gnu/11/plugin -D_GNU_SOURCE -D __AFL_HAVE_MANUAL_CONTROL=1 -D __AFL_COMPILER=1 -D FUZZING_BUILD_MODE_UNSAFE_FOR_PRODUCTION=1 -D __AFL_FUZZ_INIT()=int __afl_sharedmem_fuzzing = 1;extern unsigned int *__afl_fuzz_len;extern unsigned char *__afl_fuzz_ptr;unsigned char __afl_fuzz_alt[1048576];unsigned char *__afl_fuzz_alt_ptr = __afl_fuzz_alt; -D __AFL_COVERAGE()=int __afl_selective_coverage = 1;extern "C" void __afl_coverage_discard();extern "C" void __afl_coverage_skip();extern "C" void __afl_coverage_on();extern "C" void __afl_coverage_off(); -D __AFL_COVERAGE_START_OFF()=int __afl_selective_coverage_start_off = 1; -D __AFL_COVERAGE_ON()=__afl_coverage_on() -D __AFL_COVERAGE_OFF()=__afl_coverage_off() -D __AFL_COVERAGE_DISCARD()=__afl_coverage_discard() -D __AFL_COVERAGE_SKIP()=__afl_coverage_skip() -D __AFL_FUZZ_TESTCASE_BUF=(__afl_fuzz_ptr ? __afl_fuzz_ptr : __afl_fuzz_alt_ptr) -D __AFL_FUZZ_TESTCASE_LEN=(__afl_fuzz_ptr ? *__afl_fuzz_len : (*__afl_fuzz_len = read(0, __afl_fuzz_alt_ptr, 1048576)) == 0xffffffff ? 0 : *__afl_fuzz_len) -D __AFL_LOOP(_A)=({ static volatile char *_B __attribute__((used));  _B = (char*)"##SIG_AFL_PERSISTENT##"; __attribute__((visibility("default"))) int _L(unsigned int) __asm__("__afl_persistent_loop"); _L(_A); }) -D __AFL_INIT()=do { static volatile char *_A __attribute__((used));  _A = (char*)"##SIG_AFL_DEFER_FORKSRV##"; __attribute__((visibility("default"))) void _I(void) __asm__("__afl_manual_init"); _I(); } while (0) /usr/share/cmake-3.22/Modules/CMakeCXXCompilerABI.cpp -iplugindir=/usr/lib/gcc/x86_64-linux-gnu/11/plugin -quiet -dumpdir CMakeFiles/cmTC_d0dcd.dir/ -dumpbase CMakeCXXCompilerABI.cpp.cpp -dumpbase-ext .cpp -mtune=generic -march=x86-64 -g -O3 -Wno-unused-command-line-argument -version -fplugin=/home/evan/utk/cs594/CompDiff/aflpp/afl-gcc-pass.so -funroll-loops -fasynchronous-unwind-tables -fstack-protector-strong -Wformat -Wformat-security -fstack-clash-protection -fcf-protection -o /tmp/ccC8LXs2.s
GNU C++17 (Ubuntu 11.4.0-1ubuntu1~22.04) version 11.4.0 (x86_64-linux-gnu)
	compiled by GNU C version 11.4.0, GMP version 6.2.1, MPFR version 4.1.0, MPC version 1.2.1, isl version isl-0.24-GMP

GGC heuristics: --param ggc-min-expand=100 --param ggc-min-heapsize=131072
Versions of loaded plugins:
 afl-gcc-pass: 20200907
ignoring duplicate directory "/usr/include/x86_64-linux-gnu/c++/11"
ignoring nonexistent directory "/usr/local/include/x86_64-linux-gnu"
ignoring nonexistent directory "/usr/lib/gcc/x86_64-linux-gnu/11/include-fixed"
ignoring nonexistent directory "/usr/lib/gcc/x86_64-linux-gnu/11/../../../../x86_64-linux-gnu/include"
#include "..." search starts here:
#include <...> search starts here:
 /usr/include/c++/11
 /usr/include/x86_64-linux-gnu/c++/11
 /usr/include/c++/11/backward
 /usr/lib/gcc/x86_64-linux-gnu/11/include
 /usr/local/include
 /usr/include/x86_64-linux-gnu
 /usr/include
End of search list.
GNU C++17 (Ubuntu 11.4.0-1ubuntu1~22.04) version 11.4.0 (x86_64-linux-gnu)
	compiled by GNU C version 11.4.0, GMP version 6.2.1, MPFR version 4.1.0, MPC version 1.2.1, isl version isl-0.24-GMP

GGC heuristics: --param ggc-min-expand=100 --param ggc-min-heapsize=131072
Versions of loaded plugins:
 afl-gcc-pass: 20200907
Compiler executable checksum: d591828bb4d392ae8b7b160e5bb0b95f
COLLECT_GCC_OPTIONS='-fplugin=/home/evan/utk/cs594/CompDiff/aflpp/afl-gcc-pass.so' '-v' '-o' 'CMakeFiles/cmTC_d0dcd.dir/CMakeCXXCompilerABI.cpp.o' '-c' '-g' '-O3' '-funroll-loops' '-D' '__AFL_HAVE_MANUAL_CONTROL=1' '-D' '__AFL_COMPILER=1' '-D' 'FUZZING_BUILD_MODE_UNSAFE_FOR_PRODUCTION=1' '-D' '__AFL_FUZZ_INIT()=int __afl_sharedmem_fuzzing = 1;extern unsigned int *__afl_fuzz_len;extern unsigned char *__afl_fuzz_ptr;unsigned char __afl_fuzz_alt[1048576];unsigned char *__afl_fuzz_alt_ptr = __afl_fuzz_alt;' '-D' '__AFL_COVERAGE()=int __afl_selective_coverage = 1;extern "C" void __afl_coverage_discard();extern "C" void __afl_coverage_skip();extern "C" void __afl_coverage_on();extern "C" void __afl_coverage_off();' '-D' '__AFL_COVERAGE_START_OFF()=int __afl_selective_coverage_start_off = 1;' '-D' '__AFL_COVERAGE_ON()=__afl_coverage_on()' '-D' '__AFL_COVERAGE_OFF()=__afl_coverage_off()' '-D' '__AFL_COVERAGE_DISCARD()=__afl_coverage_discard()' '-D' '__AFL_COVERAGE_SKIP()=__afl_coverage_skip()' '-D' '__AFL_FUZZ_TESTCASE_BUF=(__afl_fuzz_ptr ? __afl_fuzz_ptr : __afl_fuzz_alt_ptr)' '-D' '__AFL_FUZZ_TESTCASE_LEN=(__afl_fuzz_ptr ? *__afl_fuzz_len : (*__afl_fuzz_len = read(0, __afl_fuzz_alt_ptr, 1048576)) == 0xffffffff ? 0 : *__afl_fuzz_len)' '-D' '__AFL_LOOP(_A)=({ static volatile char *_B __attribute__((used));  _B = (char*)"##SIG_AFL_PERSISTENT##"; __attribute__((visibility("default"))) int _L(unsigned int) __asm__("__afl_persistent_loop"); _L(_A); })' '-D' '__AFL_INIT()=do { static volatile char *_A __attribute__((used));  _A = (char*)"##SIG_AFL_DEFER_FORKSRV##"; __attribute__((visibility("default"))) void _I(void) __asm__("__afl_manual_init"); _I(); } while (0)' '-Wno-unused-command-line-argument' '-shared-libgcc' '-mtune=generic' '-march=x86-64' '-dumpdir' 'CMakeFiles/cmTC_d0dcd.dir/'
 as -v --gdwarf-5 --64 -o CMakeFiles/cmTC_d0dcd.dir/CMakeCXXCompilerABI.cpp.o /tmp/ccC8LXs2.s
GNU assembler version 2.38 (x86_64-linux-gnu) using BFD version (GNU Binutils for Ubuntu) 2.38
COMPILER_PATH=/usr/lib/gcc/x86_64-linux-gnu/11/:/usr/lib/gcc/x86_64-linux-gnu/11/:/usr/lib/gcc/x86_64-linux-gnu/:/usr/lib/gcc/x86_64-linux-gnu/11/:/usr/lib/gcc/x86_64-linux-gnu/
LIBRARY_PATH=/usr/lib/gcc/x86_64-linux-gnu/11/:/usr/lib/gcc/x86_64-linux-gnu/11/../../../x86_64-linux-gnu/:/usr/lib/gcc/x86_64-linux-gnu/11/../../../../lib/:/lib/x86_64-linux-gnu/:/lib/../lib/:/usr/lib/x86_64-linux-gnu/:/usr/lib/../lib/:/usr/lib/gcc/x86_64-linux-gnu/11/../../../:/lib/:/usr/lib/
COLLECT_GCC_OPTIONS='-fplugin=/home/evan/utk/cs594/CompDiff/aflpp/afl-gcc-pass.so' '-v' '-o' 'CMakeFiles/cmTC_d0dcd.dir/CMakeCXXCompilerABI.cpp.o' '-c' '-g' '-O3' '-funroll-loops' '-D' '__AFL_HAVE_MANUAL_CONTROL=1' '-D' '__AFL_COMPILER=1' '-D' 'FUZZING_BUILD_MODE_UNSAFE_FOR_PRODUCTION=1' '-D' '__AFL_FUZZ_INIT()=int __afl_sharedmem_fuzzing = 1;extern unsigned int *__afl_fuzz_len;extern unsigned char *__afl_fuzz_ptr;unsigned char __afl_fuzz_alt[1048576];unsigned char *__afl_fuzz_alt_ptr = __afl_fuzz_alt;' '-D' '__AFL_COVERAGE()=int __afl_selective_coverage = 1;extern "C" void __afl_coverage_discard();extern "C" void __afl_coverage_skip();extern "C" void __afl_coverage_on();extern "C" void __afl_coverage_off();' '-D' '__AFL_COVERAGE_START_OFF()=int __afl_selective_coverage_start_off = 1;' '-D' '__AFL_COVERAGE_ON()=__afl_coverage_on()' '-D' '__AFL_COVERAGE_OFF()=__afl_coverage_off()' '-D' '__AFL_COVERAGE_DISCARD()=__afl_coverage_discard()' '-D' '__AFL_COVERAGE_SKIP()=__afl_coverage_skip()' '-D' '__AFL_FUZZ_TESTCASE_BUF=(__afl_fuzz_ptr ? __afl_fuzz_ptr : __afl_fuzz_alt_ptr)' '-D' '__AFL_FUZZ_TESTCASE_LEN=(__afl_fuzz_ptr ? *__afl_fuzz_len : (*__afl_fuzz_len = read(0, __afl_fuzz_alt_ptr, 1048576)) == 0xffffffff ? 0 : *__afl_fuzz_len)' '-D' '__AFL_LOOP(_A)=({ static volatile char *_B __attribute__((used));  _B = (char*)"##SIG_AFL_PERSISTENT##"; __attribute__((visibility("default"))) int _L(unsigned int) __asm__("__afl_persistent_loop"); _L(_A); })' '-D' '__AFL_INIT()=do { static volatile char *_A __attribute__((used));  _A = (char*)"##SIG_AFL_DEFER_FORKSRV##"; __attribute__((visibility("default"))) void _I(void) __asm__("__afl_manual_init"); _I(); } while (0)' '-Wno-unused-command-line-argument' '-shared-libgcc' '-mtune=generic' '-march=x86-64' '-dumpdir' 'CMakeFiles/cmTC_d0dcd.dir/CMakeCXXCompilerABI.cpp.'
Linking CXX executable cmTC_d0dcd
/usr/bin/cmake -E cmake_link_script CMakeFiles/cmTC_d0dcd.dir/link.txt --verbose=1
/home/evan/utk/cs594/CompDiff/aflpp/afl-clang-fast++  -v -rdynamic CMakeFiles/cmTC_d0dcd.dir/CMakeCXXCompilerABI.cpp.o -o cmTC_d0dcd 
Using built-in specs.
COLLECT_GCC=g++
COLLECT_LTO_WRAPPER=/usr/lib/gcc/x86_64-linux-gnu/11/lto-wrapper
OFFLOAD_TARGET_NAMES=nvptx-none:amdgcn-amdhsa
OFFLOAD_TARGET_DEFAULT=1
Target: x86_64-linux-gnu
Configured with: ../src/configure -v --with-pkgversion='Ubuntu 11.4.0-1ubuntu1~22.04' --with-bugurl=file:///usr/share/doc/gcc-11/README.Bugs --enable-languages=c,ada,c++,go,brig,d,fortran,objc,obj-c++,m2 --prefix=/usr --with-gcc-major-version-only --program-suffix=-11 --program-prefix=x86_64-linux-gnu- --enable-shared --enable-linker-build-id --libexecdir=/usr/lib --without-included-gettext --enable-threads=posix --libdir=/usr/lib --enable-nls --enable-bootstrap --enable-clocale=gnu --enable-libstdcxx-debug --enable-libstdcxx-time=yes --with-default-libstdcxx-abi=new --enable-gnu-unique-object --disable-vtable-verify --enable-plugin --enable-default-pie --with-system-zlib --enable-libphobos-checking=release --with-target-system-zlib=auto --enable-objc-gc=auto --enable-multiarch --disable-werror --enable-cet --with-arch-32=i686 --with-abi=m64 --with-multilib-list=m32,m64,mx32 --enable-multilib --with-tune=generic --enable-offload-targets=nvptx-none=/build/gcc-11-XeT9lY/gcc-11-11.4.0/debian/tmp-nvptx/usr,amdgcn-amdhsa=/build/gcc-11-XeT9lY/gcc-11-11.4.0/debian/tmp-gcn/usr --without-cuda-driver --enable-checking=release --build=x86_64-linux-gnu --host=x86_64-linux-gnu --target=x86_64-linux-gnu --with-build-config=bootstrap-lto-lean --enable-link-serialization=2
Thread model: posix
Supported LTO compression algorithms: zlib zstd
gcc version 11.4.0 (Ubuntu 11.4.0-1ubuntu1~22.04) 
COMPILER_PATH=/usr/lib/gcc/x86_64-linux-gnu/11/:/usr/lib/gcc/x86_64-linux-gnu/11/:/usr/lib/gcc/x86_64-linux-gnu/:/usr/lib/gcc/x86_64-linux-gnu/11/:/usr/lib/gcc/x86_64-linux-gnu/
LIBRARY_PATH=/usr/lib/gcc/x86_64-linux-gnu/11/:/usr/lib/gcc/x86_64-linux-gnu/11/../../../x86_64-linux-gnu/:/usr/lib/gcc/x86_64-linux-gnu/11/../../../../lib/:/lib/x86_64-linux-gnu/:/lib/../lib/:/usr/lib/x86_64-linux-gnu/:/usr/lib/../lib/:/usr/lib/gcc/x86_64-linux-gnu/11/../../../:/lib/:/usr/lib/
COLLECT_GCC_OPTIONS='-fplugin=/home/evan/utk/cs594/CompDiff/aflpp/afl-gcc-pass.so' '-v' '-rdynamic' '-o' 'cmTC_d0dcd' '-g' '-O3' '-funroll-loops' '-D' '__AFL_HAVE_MANUAL_CONTROL=1' '-D' '__AFL_COMPILER=1' '-D' 'FUZZING_BUILD_MODE_UNSAFE_FOR_PRODUCTION=1' '-D' '__AFL_FUZZ_INIT()=int __afl_sharedmem_fuzzing = 1;extern unsigned int *__afl_fuzz_len;extern unsigned char *__afl_fuzz_ptr;unsigned char __afl_fuzz_alt[1048576];unsigned char *__afl_fuzz_alt_ptr = __afl_fuzz_alt;' '-D' '__AFL_COVERAGE()=int __afl_selective_coverage = 1;extern "C" void __afl_coverage_discard();extern "C" void __afl_coverage_skip();extern "C" void __afl_coverage_on();extern "C" void __afl_coverage_off();' '-D' '__AFL_COVERAGE_START_OFF()=int __afl_selective_coverage_start_off = 1;' '-D' '__AFL_COVERAGE_ON()=__afl_coverage_on()' '-D' '__AFL_COVERAGE_OFF()=__afl_coverage_off()' '-D' '__AFL_COVERAGE_DISCARD()=__afl_coverage_discard()' '-D' '__AFL_COVERAGE_SKIP()=__afl_coverage_skip()' '-D' '__AFL_FUZZ_TESTCASE_BUF=(__afl_fuzz_ptr ? __afl_fuzz_ptr : __afl_fuzz_alt_ptr)' '-D' '__AFL_FUZZ_TESTCASE_LEN=(__afl_fuzz_ptr ? *__afl_fuzz_len : (*__afl_fuzz_len = read(0, __afl_fuzz_alt_ptr, 1048576)) == 0xffffffff ? 0 : *__afl_fuzz_len)' '-D' '__AFL_LOOP(_A)=({ static volatile char *_B __attribute__((used));  _B = (char*)"##SIG_AFL_PERSISTENT##"; __attribute__((visibility("default"))) int _L(unsigned int) __asm__("__afl_persistent_loop"); _L(_A); })' '-D' '__AFL_INIT()=do { static volatile char *_A __attribute__((used));  _A = (char*)"##SIG_AFL_DEFER_FORKSRV##"; __attribute__((visibility("default"))) void _I(void) __asm__("__afl_manual_init"); _I(); } while (0)' '-Wno-unused-command-line-argument' '-shared-libgcc' '-mtune=generic' '-march=x86-64' '-dumpdir' 'cmTC_d0dcd.'
 /usr/lib/gcc/x86_64-linux-gnu/11/collect2 -plugin /usr/lib/gcc/x86_64-linux-gnu/11/liblto_plugin.so -plugin-opt=/usr/lib/gcc/x86_64-linux-gnu/11/lto-wrapper -plugin-opt=-fresolution=/tmp/ccIZeyxj.res -plugin-opt=-pass-through=-lgcc_s -plugin-opt=-pass-through=-lgcc -plugin-opt=-pass-through=-lc -plugin-opt=-pass-through=-lgcc_s -plugin-opt=-pass-through=-lgcc --build-id --eh-frame-hdr -m elf_x86_64 --hash-style=gnu --as-needed -export-dynamic -dynamic-linker /lib64/ld-linux-x86-64.so.2 -pie -z now -z relro -o cmTC_d0dcd /usr/lib/gcc/x86_64-linux-gnu/11/../../../x86_64-linux-gnu/Scrt1.o /usr/lib/gcc/x86_64-linux-gnu/11/../../../x86_64-linux-gnu/crti.o /usr/lib/gcc/x86_64-linux-gnu/11/crtbeginS.o -L/usr/lib/gcc/x86_64-linux-gnu/11 -L/usr/lib/gcc/x86_64-linux-gnu/11/../../../x86_64-linux-gnu -L/usr/lib/gcc/x86_64-linux-gnu/11/../../../../lib -L/lib/x86_64-linux-gnu -L/lib/../lib -L/usr/lib/x86_64-linux-gnu -L/usr/lib/../lib -L/usr/lib/gcc/x86_64-linux-gnu/11/../../.. CMakeFiles/cmTC_d0dcd.dir/CMakeCXXCompilerABI.cpp.o /home/evan/utk/cs594/CompDiff/aflpp/afl-compiler-rt.o --dynamic-list=/home/evan/utk/cs594/CompDiff/aflpp/dynamic_list.txt -lstdc++ -lm -lgcc_s -lgcc -lc -lgcc_s -lgcc /usr/lib/gcc/x86_64-linux-gnu/11/crtendS.o /usr/lib/gcc/x86_64-linux-gnu/11/../../../x86_64-linux-gnu/crtn.o
COLLECT_GCC_OPTIONS='-fplugin=/home/evan/utk/cs594/CompDiff/aflpp/afl-gcc-pass.so' '-v' '-rdynamic' '-o' 'cmTC_d0dcd' '-g' '-O3' '-funroll-loops' '-D' '__AFL_HAVE_MANUAL_CONTROL=1' '-D' '__AFL_COMPILER=1' '-D' 'FUZZING_BUILD_MODE_UNSAFE_FOR_PRODUCTION=1' '-D' '__AFL_FUZZ_INIT()=int __afl_sharedmem_fuzzing = 1;extern unsigned int *__afl_fuzz_len;extern unsigned char *__afl_fuzz_ptr;unsigned char __afl_fuzz_alt[1048576];unsigned char *__afl_fuzz_alt_ptr = __afl_fuzz_alt;' '-D' '__AFL_COVERAGE()=int __afl_selective_coverage = 1;extern "C" void __afl_coverage_discard();extern "C" void __afl_coverage_skip();extern "C" void __afl_coverage_on();extern "C" void __afl_coverage_off();' '-D' '__AFL_COVERAGE_START_OFF()=int __afl_selective_coverage_start_off = 1;' '-D' '__AFL_COVERAGE_ON()=__afl_coverage_on()' '-D' '__AFL_COVERAGE_OFF()=__afl_coverage_off()' '-D' '__AFL_COVERAGE_DISCARD()=__afl_coverage_discard()' '-D' '__AFL_COVERAGE_SKIP()=__afl_coverage_skip()' '-D' '__AFL_FUZZ_TESTCASE_BUF=(__afl_fuzz_ptr ? __afl_fuzz_ptr : __afl_fuzz_alt_ptr)' '-D' '__AFL_FUZZ_TESTCASE_LEN=(__afl_fuzz_ptr ? *__afl_fuzz_len : (*__afl_fuzz_len = read(0, __afl_fuzz_alt_ptr, 1048576)) == 0xffffffff ? 0 : *__afl_fuzz_len)' '-D' '__AFL_LOOP(_A)=({ static volatile char *_B __attribute__((used));  _B = (char*)"##SIG_AFL_PERSISTENT##"; __attribute__((visibility("default"))) int _L(unsigned int) __asm__("__afl_persistent_loop"); _L(_A); })' '-D' '__AFL_INIT()=do { static volatile char *_A __attribute__((used));  _A = (char*)"##SIG_AFL_DEFER_FORKSRV##"; __attribute__((visibility("default"))) void _I(void) __asm__("__afl_manual_init"); _I(); } while (0)' '-Wno-unused-command-line-argument' '-shared-libgcc' '-mtune=generic' '-march=x86-64' '-dumpdir' 'cmTC_d0dcd.'
gmake[1]: Leaving directory '/home/evan/utk/cs594/CompDiff/examples/xpdf/src/pdftotext-fuzz/xpdf/CMakeFiles/CMakeTmp'



Parsed CXX implicit include dir info from above output: rv=done
  found start of include info
  found start of implicit include info
    add: [/usr/include/c++/11]
    add: [/usr/include/x86_64-linux-gnu/c++/11]
    add: [/usr/include/c++/11/backward]
    add: [/usr/lib/gcc/x86_64-linux-gnu/11/include]
    add: [/usr/local/include]
    add: [/usr/include/x86_64-linux-gnu]
    add: [/usr/include]
  end of search list found
  collapse include dir [/usr/include/c++/11] ==> [/usr/include/c++/11]
  collapse include dir [/usr/include/x86_64-linux-gnu/c++/11] ==> [/usr/include/x86_64-linux-gnu/c++/11]
  collapse include dir [/usr/include/c++/11/backward] ==> [/usr/include/c++/11/backward]
  collapse include dir [/usr/lib/gcc/x86_64-linux-gnu/11/include] ==> [/usr/lib/gcc/x86_64-linux-gnu/11/include]
  collapse include dir [/usr/local/include] ==> [/usr/local/include]
  collapse include dir [/usr/include/x86_64-linux-gnu] ==> [/usr/include/x86_64-linux-gnu]
  collapse include dir [/usr/include] ==> [/usr/include]
  implicit include dirs: [/usr/include/c++/11;/usr/include/x86_64-linux-gnu/c++/11;/usr/include/c++/11/backward;/usr/lib/gcc/x86_64-linux-gnu/11/include;/usr/local/include;/usr/include/x86_64-linux-gnu;/usr/include]


Parsed CXX implicit link information from above output:
  link line regex: [^( *|.*[/\])(ld|CMAKE_LINK_STARTFILE-NOTFOUND|([^/\]+-)?ld|collect2)[^/\]*( |$)]
  ignore line: [Change Dir: /home/evan/utk/cs594/CompDiff/examples/xpdf/src/pdftotext-fuzz/xpdf/CMakeFiles/CMakeTmp]
  ignore line: []
  ignore line: [Run Build Command(s):/usr/bin/gmake -f Makefile cmTC_d0dcd/fast && /usr/bin/gmake  -f CMakeFiles/cmTC_d0dcd.dir/build.make CMakeFiles/cmTC_d0dcd.dir/build]
  ignore line: [gmake[1]: Entering directory '/home/evan/utk/cs594/CompDiff/examples/xpdf/src/pdftotext-fuzz/xpdf/CMakeFiles/CMakeTmp']
  ignore line: [Building CXX object CMakeFiles/cmTC_d0dcd.dir/CMakeCXXCompilerABI.cpp.o]
  ignore line: [/home/evan/utk/cs594/CompDiff/aflpp/afl-clang-fast++   -v -o CMakeFiles/cmTC_d0dcd.dir/CMakeCXXCompilerABI.cpp.o -c /usr/share/cmake-3.22/Modules/CMakeCXXCompilerABI.cpp]
  ignore line: [Using built-in specs.]
  ignore line: [COLLECT_GCC=g++]
  ignore line: [OFFLOAD_TARGET_NAMES=nvptx-none:amdgcn-amdhsa]
  ignore line: [OFFLOAD_TARGET_DEFAULT=1]
  ignore line: [Target: x86_64-linux-gnu]
  ignore line: [Configured with: ../src/configure -v --with-pkgversion='Ubuntu 11.4.0-1ubuntu1~22.04' --with-bugurl=file:///usr/share/doc/gcc-11/README.Bugs --enable-languages=c ada c++ go brig d fortran objc obj-c++ m2 --prefix=/usr --with-gcc-major-version-only --program-suffix=-11 --program-prefix=x86_64-linux-gnu- --enable-shared --enable-linker-build-id --libexecdir=/usr/lib --without-included-gettext --enable-threads=posix --libdir=/usr/lib --enable-nls --enable-bootstrap --enable-clocale=gnu --enable-libstdcxx-debug --enable-libstdcxx-time=yes --with-default-libstdcxx-abi=new --enable-gnu-unique-object --disable-vtable-verify --enable-plugin --enable-default-pie --with-system-zlib --enable-libphobos-checking=release --with-target-system-zlib=auto --enable-objc-gc=auto --enable-multiarch --disable-werror --enable-cet --with-arch-32=i686 --with-abi=m64 --with-multilib-list=m32 m64 mx32 --enable-multilib --with-tune=generic --enable-offload-targets=nvptx-none=/build/gcc-11-XeT9lY/gcc-11-11.4.0/debian/tmp-nvptx/usr amdgcn-amdhsa=/build/gcc-11-XeT9lY/gcc-11-11.4.0/debian/tmp-gcn/usr --without-cuda-driver --enable-checking=release --build=x86_64-linux-gnu --host=x86_64-linux-gnu --target=x86_64-linux-gnu --with-build-config=bootstrap-lto-lean --enable-link-serialization=2]
  ignore line: [Thread model: posix]
  ignore line: [Supported LTO compression algorithms: zlib zstd]
  ignore line: [gcc version 11.4.0 (Ubuntu 11.4.0-1ubuntu1~22.04) ]
  ignore line: [COLLECT_GCC_OPTIONS='-fplugin=/home/evan/utk/cs594/CompDiff/aflpp/afl-gcc-pass.so' '-v' '-o' 'CMakeFiles/cmTC_d0dcd.dir/CMakeCXXCompilerABI.cpp.o' '-c' '-g' '-O3' '-funroll-loops' '-D' '__AFL_HAVE_MANUAL_CONTROL=1' '-D' '__AFL_COMPILER=1' '-D' 'FUZZING_BUILD_MODE_UNSAFE_FOR_PRODUCTION=1' '-D' '__AFL_FUZZ_INIT()=int __afl_sharedmem_fuzzing = 1]
  ignore line: [extern unsigned int *__afl_fuzz_len]
  ignore line: [extern unsigned char *__afl_fuzz_ptr]
  ignore line: [unsigned char __afl_fuzz_alt[1048576]]
  ignore line: [unsigned char *__afl_fuzz_alt_ptr = __afl_fuzz_alt]
  ignore line: [' '-D' '__AFL_COVERAGE()=int __afl_selective_coverage = 1]
  ignore line: [extern "C" void __afl_coverage_discard()]
  ignore line: [extern "C" void __afl_coverage_skip()]
  ignore line: [extern "C" void __afl_coverage_on()]
  ignore line: [extern "C" void __afl_coverage_off()]
  ignore line: [' '-D' '__AFL_COVERAGE_START_OFF()=int __afl_selective_coverage_start_off = 1]
  ignore line: [' '-D' '__AFL_COVERAGE_ON()=__afl_coverage_on()' '-D' '__AFL_COVERAGE_OFF()=__afl_coverage_off()' '-D' '__AFL_COVERAGE_DISCARD()=__afl_coverage_discard()' '-D' '__AFL_COVERAGE_SKIP()=__afl_coverage_skip()' '-D' '__AFL_FUZZ_TESTCASE_BUF=(__afl_fuzz_ptr ? __afl_fuzz_ptr : __afl_fuzz_alt_ptr)' '-D' '__AFL_FUZZ_TESTCASE_LEN=(__afl_fuzz_ptr ? *__afl_fuzz_len : (*__afl_fuzz_len = read(0  __afl_fuzz_alt_ptr  1048576)) == 0xffffffff ? 0 : *__afl_fuzz_len)' '-D' '__AFL_LOOP(_A)=({ static volatile char *_B __attribute__((used))]
  ignore line: [  _B = (char*)"##SIG_AFL_PERSISTENT##"]
  ignore line: [ __attribute__((visibility("default"))) int _L(unsigned int) __asm__("__afl_persistent_loop")]
  ignore line: [ _L(_A)]
  ignore line: [ })' '-D' '__AFL_INIT()=do { static volatile char *_A __attribute__((used))]
  ignore line: [  _A = (char*)"##SIG_AFL_DEFER_FORKSRV##"]
  ignore line: [ __attribute__((visibility("default"))) void _I(void) __asm__("__afl_manual_init")]
  ignore line: [ _I()]
  ignore line: [ } while (0)' '-Wno-unused-command-line-argument' '-shared-libgcc' '-mtune=generic' '-march=x86-64' '-dumpdir' 'CMakeFiles/cmTC_d0dcd.dir/']
  ignore line: [ /usr/lib/gcc/x86_64-linux-gnu/11/cc1plus -quiet -v -imultiarch x86_64-linux-gnu -iplugindir=/usr/lib/gcc/x86_64-linux-gnu/11/plugin -D_GNU_SOURCE -D __AFL_HAVE_MANUAL_CONTROL=1 -D __AFL_COMPILER=1 -D FUZZING_BUILD_MODE_UNSAFE_FOR_PRODUCTION=1 -D __AFL_FUZZ_INIT()=int __afl_sharedmem_fuzzing = 1]
  ignore line: [extern unsigned int *__afl_fuzz_len]
  ignore line: [extern unsigned char *__afl_fuzz_ptr]
  ignore line: [unsigned char __afl_fuzz_alt[1048576]]
  ignore line: [unsigned char *__afl_fuzz_alt_ptr = __afl_fuzz_alt]
  ignore line: [ -D __AFL_COVERAGE()=int __afl_selective_coverage = 1]
  ignore line: [extern "C" void __afl_coverage_discard()]
  ignore line: [extern "C" void __afl_coverage_skip()]
  ignore line: [extern "C" void __afl_coverage_on()]
  ignore line: [extern "C" void __afl_coverage_off()]
  ignore line: [ -D __AFL_COVERAGE_START_OFF()=int __afl_selective_coverage_start_off = 1]
  ignore line: [ -D __AFL_COVERAGE_ON()=__afl_coverage_on() -D __AFL_COVERAGE_OFF()=__afl_coverage_off() -D __AFL_COVERAGE_DISCARD()=__afl_coverage_discard() -D __AFL_COVERAGE_SKIP()=__afl_coverage_skip() -D __AFL_FUZZ_TESTCASE_BUF=(__afl_fuzz_ptr ? __afl_fuzz_ptr : __afl_fuzz_alt_ptr) -D __AFL_FUZZ_TESTCASE_LEN=(__afl_fuzz_ptr ? *__afl_fuzz_len : (*__afl_fuzz_len = read(0  __afl_fuzz_alt_ptr  1048576)) == 0xffffffff ? 0 : *__afl_fuzz_len) -D __AFL_LOOP(_A)=({ static volatile char *_B __attribute__((used))]
  ignore line: [  _B = (char*)"##SIG_AFL_PERSISTENT##"]
  ignore line: [ __attribute__((visibility("default"))) int _L(unsigned int) __asm__("__afl_persistent_loop")]
  ignore line: [ _L(_A)]
  ignore line: [ }) -D __AFL_INIT()=do { static volatile char *_A __attribute__((used))]
  ignore line: [  _A = (char*)"##SIG_AFL_DEFER_FORKSRV##"]
  ignore line: [ __attribute__((visibility("default"))) void _I(void) __asm__("__afl_manual_init")]
  ignore line: [ _I()]
  ignore line: [ } while (0) /usr/share/cmake-3.22/Modules/CMakeCXXCompilerABI.cpp -iplugindir=/usr/lib/gcc/x86_64-linux-gnu/11/plugin -quiet -dumpdir CMakeFiles/cmTC_d0dcd.dir/ -dumpbase CMakeCXXCompilerABI.cpp.cpp -dumpbase-ext .cpp -mtune=generic -march=x86-64 -g -O3 -Wno-unused-command-line-argument -version -fplugin=/home/evan/utk/cs594/CompDiff/aflpp/afl-gcc-pass.so -funroll-loops -fasynchronous-unwind-tables -fstack-protector-strong -Wformat -Wformat-security -fstack-clash-protection -fcf-protection -o /tmp/ccC8LXs2.s]
  ignore line: [GNU C++17 (Ubuntu 11.4.0-1ubuntu1~22.04) version 11.4.0 (x86_64-linux-gnu)]
  ignore line: [	compiled by GNU C version 11.4.0  GMP version 6.2.1  MPFR version 4.1.0  MPC version 1.2.1  isl version isl-0.24-GMP]
  ignore line: []
  ignore line: [GGC heuristics: --param ggc-min-expand=100 --param ggc-min-heapsize=131072]
  ignore line: [Versions of loaded plugins:]
  ignore line: [ afl-gcc-pass: 20200907]
  ignore line: [ignoring duplicate directory "/usr/include/x86_64-linux-gnu/c++/11"]
  ignore line: [ignoring nonexistent directory "/usr/local/include/x86_64-linux-gnu"]
  ignore line: [ignoring nonexistent directory "/usr/lib/gcc/x86_64-linux-gnu/11/include-fixed"]
  ignore line: [ignoring nonexistent directory "/usr/lib/gcc/x86_64-linux-gnu/11/../../../../x86_64-linux-gnu/include"]
  ignore line: [#include "..." search starts here:]
  ignore line: [#include <...> search starts here:]
  ignore line: [ /usr/include/c++/11]
  ignore line: [ /usr/include/x86_64-linux-gnu/c++/11]
  ignore line: [ /usr/include/c++/11/backward]
  ignore line: [ /usr/lib/gcc/x86_64-linux-gnu/11/include]
  ignore line: [ /usr/local/include]
  ignore line: [ /usr/include/x86_64-linux-gnu]
  ignore line: [ /usr/include]
  ignore line: [End of search list.]
  ignore line: [GNU C++17 (Ubuntu 11.4.0-1ubuntu1~22.04) version 11.4.0 (x86_64-linux-gnu)]
  ignore line: [	compiled by GNU C version 11.4.0  GMP version 6.2.1  MPFR version 4.1.0  MPC version 1.2.1  isl version isl-0.24-GMP]
  ignore line: []
  ignore line: [GGC heuristics: --param ggc-min-expand=100 --param ggc-min-heapsize=131072]
  ignore line: [Versions of loaded plugins:]
  ignore line: [ afl-gcc-pass: 20200907]
  ignore line: [Compiler executable checksum: d591828bb4d392ae8b7b160e5bb0b95f]
  ignore line: [COLLECT_GCC_OPTIONS='-fplugin=/home/evan/utk/cs594/CompDiff/aflpp/afl-gcc-pass.so' '-v' '-o' 'CMakeFiles/cmTC_d0dcd.dir/CMakeCXXCompilerABI.cpp.o' '-c' '-g' '-O3' '-funroll-loops' '-D' '__AFL_HAVE_MANUAL_CONTROL=1' '-D' '__AFL_COMPILER=1' '-D' 'FUZZING_BUILD_MODE_UNSAFE_FOR_PRODUCTION=1' '-D' '__AFL_FUZZ_INIT()=int __afl_sharedmem_fuzzing = 1]
  ignore line: [extern unsigned int *__afl_fuzz_len]
  ignore line: [extern unsigned char *__afl_fuzz_ptr]
  ignore line: [unsigned char __afl_fuzz_alt[1048576]]
  ignore line: [unsigned char *__afl_fuzz_alt_ptr = __afl_fuzz_alt]
  ignore line: [' '-D' '__AFL_COVERAGE()=int __afl_selective_coverage = 1]
  ignore line: [extern "C" void __afl_coverage_discard()]
  ignore line: [extern "C" void __afl_coverage_skip()]
  ignore line: [extern "C" void __afl_coverage_on()]
  ignore line: [extern "C" void __afl_coverage_off()]
  ignore line: [' '-D' '__AFL_COVERAGE_START_OFF()=int __afl_selective_coverage_start_off = 1]
  ignore line: [' '-D' '__AFL_COVERAGE_ON()=__afl_coverage_on()' '-D' '__AFL_COVERAGE_OFF()=__afl_coverage_off()' '-D' '__AFL_COVERAGE_DISCARD()=__afl_coverage_discard()' '-D' '__AFL_COVERAGE_SKIP()=__afl_coverage_skip()' '-D' '__AFL_FUZZ_TESTCASE_BUF=(__afl_fuzz_ptr ? __afl_fuzz_ptr : __afl_fuzz_alt_ptr)' '-D' '__AFL_FUZZ_TESTCASE_LEN=(__afl_fuzz_ptr ? *__afl_fuzz_len : (*__afl_fuzz_len = read(0  __afl_fuzz_alt_ptr  1048576)) == 0xffffffff ? 0 : *__afl_fuzz_len)' '-D' '__AFL_LOOP(_A)=({ static volatile char *_B __attribute__((used))]
  ignore line: [  _B = (char*)"##SIG_AFL_PERSISTENT##"]
  ignore line: [ __attribute__((visibility("default"))) int _L(unsigned int) __asm__("__afl_persistent_loop")]
  ignore line: [ _L(_A)]
  ignore line: [ })' '-D' '__AFL_INIT()=do { static volatile char *_A __attribute__((used))]
  ignore line: [  _A = (char*)"##SIG_AFL_DEFER_FORKSRV##"]
  ignore line: [ __attribute__((visibility("default"))) void _I(void) __asm__("__afl_manual_init")]
  ignore line: [ _I()]
  ignore line: [ } while (0)' '-Wno-unused-command-line-argument' '-shared-libgcc' '-mtune=generic' '-march=x86-64' '-dumpdir' 'CMakeFiles/cmTC_d0dcd.dir/']
  ignore line: [ as -v --gdwarf-5 --64 -o CMakeFiles/cmTC_d0dcd.dir/CMakeCXXCompilerABI.cpp.o /tmp/ccC8LXs2.s]
  ignore line: [GNU assembler version 2.38 (x86_64-linux-gnu) using BFD version (GNU Binutils for Ubuntu) 2.38]
  ignore line: [COMPILER_PATH=/usr/lib/gcc/x86_64-linux-gnu/11/:/usr/lib/gcc/x86_64-linux-gnu/11/:/usr/lib/gcc/x86_64-linux-gnu/:/usr/lib/gcc/x86_64-linux-gnu/11/:/usr/lib/gcc/x86_64-linux-gnu/]
  ignore line: [LIBRARY_PATH=/usr/lib/gcc/x86_64-linux-gnu/11/:/usr/lib/gcc/x86_64-linux-gnu/11/../../../x86_64-linux-gnu/:/usr/lib/gcc/x86_64-linux-gnu/11/../../../../lib/:/lib/x86_64-linux-gnu/:/lib/../lib/:/usr/lib/x86_64-linux-gnu/:/usr/lib/../lib/:/usr/lib/gcc/x86_64-linux-gnu/11/../../../:/lib/:/usr/lib/]
  ignore line: [COLLECT_GCC_OPTIONS='-fplugin=/home/evan/utk/cs594/CompDiff/aflpp/afl-gcc-pass.so' '-v' '-o' 'CMakeFiles/cmTC_d0dcd.dir/CMakeCXXCompilerABI.cpp.o' '-c' '-g' '-O3' '-funroll-loops' '-D' '__AFL_HAVE_MANUAL_CONTROL=1' '-D' '__AFL_COMPILER=1' '-D' 'FUZZING_BUILD_MODE_UNSAFE_FOR_PRODUCTION=1' '-D' '__AFL_FUZZ_INIT()=int __afl_sharedmem_fuzzing = 1]
  ignore line: [extern unsigned int *__afl_fuzz_len]
  ignore line: [extern unsigned char *__afl_fuzz_ptr]
  ignore line: [unsigned char __afl_fuzz_alt[1048576]]
  ignore line: [unsigned char *__afl_fuzz_alt_ptr = __afl_fuzz_alt]
  ignore line: [' '-D' '__AFL_COVERAGE()=int __afl_selective_coverage = 1]
  ignore line: [extern "C" void __afl_coverage_discard()]
  ignore line: [extern "C" void __afl_coverage_skip()]
  ignore line: [extern "C" void __afl_coverage_on()]
  ignore line: [extern "C" void __afl_coverage_off()]
  ignore line: [' '-D' '__AFL_COVERAGE_START_OFF()=int __afl_selective_coverage_start_off = 1]
  ignore line: [' '-D' '__AFL_COVERAGE_ON()=__afl_coverage_on()' '-D' '__AFL_COVERAGE_OFF()=__afl_coverage_off()' '-D' '__AFL_COVERAGE_DISCARD()=__afl_coverage_discard()' '-D' '__AFL_COVERAGE_SKIP()=__afl_coverage_skip()' '-D' '__AFL_FUZZ_TESTCASE_BUF=(__afl_fuzz_ptr ? __afl_fuzz_ptr : __afl_fuzz_alt_ptr)' '-D' '__AFL_FUZZ_TESTCASE_LEN=(__afl_fuzz_ptr ? *__afl_fuzz_len : (*__afl_fuzz_len = read(0  __afl_fuzz_alt_ptr  1048576)) == 0xffffffff ? 0 : *__afl_fuzz_len)' '-D' '__AFL_LOOP(_A)=({ static volatile char *_B __attribute__((used))]
  ignore line: [  _B = (char*)"##SIG_AFL_PERSISTENT##"]
  ignore line: [ __attribute__((visibility("default"))) int _L(unsigned int) __asm__("__afl_persistent_loop")]
  ignore line: [ _L(_A)]
  ignore line: [ })' '-D' '__AFL_INIT()=do { static volatile char *_A __attribute__((used))]
  ignore line: [  _A = (char*)"##SIG_AFL_DEFER_FORKSRV##"]
  ignore line: [ __attribute__((visibility("default"))) void _I(void) __asm__("__afl_manual_init")]
  ignore line: [ _I()]
  ignore line: [ } while (0)' '-Wno-unused-command-line-argument' '-shared-libgcc' '-mtune=generic' '-march=x86-64' '-dumpdir' 'CMakeFiles/cmTC_d0dcd.dir/CMakeCXXCompilerABI.cpp.']
  ignore line: [Linking CXX executable cmTC_d0dcd]
  ignore line: [/usr/bin/cmake -E cmake_link_script CMakeFiles/cmTC_d0dcd.dir/link.txt --verbose=1]
  ignore line: [/home/evan/utk/cs594/CompDiff/aflpp/afl-clang-fast++  -v -rdynamic CMakeFiles/cmTC_d0dcd.dir/CMakeCXXCompilerABI.cpp.o -o cmTC_d0dcd ]
  ignore line: [Using built-in specs.]
  ignore line: [COLLECT_GCC=g++]
  ignore line: [COLLECT_LTO_WRAPPER=/usr/lib/gcc/x86_64-linux-gnu/11/lto-wrapper]
  ignore line: [OFFLOAD_TARGET_NAMES=nvptx-none:amdgcn-amdhsa]
  ignore line: [OFFLOAD_TARGET_DEFAULT=1]
  ignore line: [Target: x86_64-linux-gnu]
  ignore line: [Configured with: ../src/configure -v --with-pkgversion='Ubuntu 11.4.0-1ubuntu1~22.04' --with-bugurl=file:///usr/share/doc/gcc-11/README.Bugs --enable-languages=c ada c++ go brig d fortran objc obj-c++ m2 --prefix=/usr --with-gcc-major-version-only --program-suffix=-11 --program-prefix=x86_64-linux-gnu- --enable-shared --enable-linker-build-id --libexecdir=/usr/lib --without-included-gettext --enable-threads=posix --libdir=/usr/lib --enable-nls --enable-bootstrap --enable-clocale=gnu --enable-libstdcxx-debug --enable-libstdcxx-time=yes --with-default-libstdcxx-abi=new --enable-gnu-unique-object --disable-vtable-verify --enable-plugin --enable-default-pie --with-system-zlib --enable-libphobos-checking=release --with-target-system-zlib=auto --enable-objc-gc=auto --enable-multiarch --disable-werror --enable-cet --with-arch-32=i686 --with-abi=m64 --with-multilib-list=m32 m64 mx32 --enable-multilib --with-tune=generic --enable-offload-targets=nvptx-none=/build/gcc-11-XeT9lY/gcc-11-11.4.0/debian/tmp-nvptx/usr amdgcn-amdhsa=/build/gcc-11-XeT9lY/gcc-11-11.4.0/debian/tmp-gcn/usr --without-cuda-driver --enable-checking=release --build=x86_64-linux-gnu --host=x86_64-linux-gnu --target=x86_64-linux-gnu --with-build-config=bootstrap-lto-lean --enable-link-serialization=2]
  ignore line: [Thread model: posix]
  ignore line: [Supported LTO compression algorithms: zlib zstd]
  ignore line: [gcc version 11.4.0 (Ubuntu 11.4.0-1ubuntu1~22.04) ]
  ignore line: [COMPILER_PATH=/usr/lib/gcc/x86_64-linux-gnu/11/:/usr/lib/gcc/x86_64-linux-gnu/11/:/usr/lib/gcc/x86_64-linux-gnu/:/usr/lib/gcc/x86_64-linux-gnu/11/:/usr/lib/gcc/x86_64-linux-gnu/]
  ignore line: [LIBRARY_PATH=/usr/lib/gcc/x86_64-linux-gnu/11/:/usr/lib/gcc/x86_64-linux-gnu/11/../../../x86_64-linux-gnu/:/usr/lib/gcc/x86_64-linux-gnu/11/../../../../lib/:/lib/x86_64-linux-gnu/:/lib/../lib/:/usr/lib/x86_64-linux-gnu/:/usr/lib/../lib/:/usr/lib/gcc/x86_64-linux-gnu/11/../../../:/lib/:/usr/lib/]
  ignore line: [COLLECT_GCC_OPTIONS='-fplugin=/home/evan/utk/cs594/CompDiff/aflpp/afl-gcc-pass.so' '-v' '-rdynamic' '-o' 'cmTC_d0dcd' '-g' '-O3' '-funroll-loops' '-D' '__AFL_HAVE_MANUAL_CONTROL=1' '-D' '__AFL_COMPILER=1' '-D' 'FUZZING_BUILD_MODE_UNSAFE_FOR_PRODUCTION=1' '-D' '__AFL_FUZZ_INIT()=int __afl_sharedmem_fuzzing = 1]
  ignore line: [extern unsigned int *__afl_fuzz_len]
  ignore line: [extern unsigned char *__afl_fuzz_ptr]
  ignore line: [unsigned char __afl_fuzz_alt[1048576]]
  ignore line: [unsigned char *__afl_fuzz_alt_ptr = __afl_fuzz_alt]
  ignore line: [' '-D' '__AFL_COVERAGE()=int __afl_selective_coverage = 1]
  ignore line: [extern "C" void __afl_coverage_discard()]
  ignore line: [extern "C" void __afl_coverage_skip()]
  ignore line: [extern "C" void __afl_coverage_on()]
  ignore line: [extern "C" void __afl_coverage_off()]
  ignore line: [' '-D' '__AFL_COVERAGE_START_OFF()=int __afl_selective_coverage_start_off = 1]
  ignore line: [' '-D' '__AFL_COVERAGE_ON()=__afl_coverage_on()' '-D' '__AFL_COVERAGE_OFF()=__afl_coverage_off()' '-D' '__AFL_COVERAGE_DISCARD()=__afl_coverage_discard()' '-D' '__AFL_COVERAGE_SKIP()=__afl_coverage_skip()' '-D' '__AFL_FUZZ_TESTCASE_BUF=(__afl_fuzz_ptr ? __afl_fuzz_ptr : __afl_fuzz_alt_ptr)' '-D' '__AFL_FUZZ_TESTCASE_LEN=(__afl_fuzz_ptr ? *__afl_fuzz_len : (*__afl_fuzz_len = read(0  __afl_fuzz_alt_ptr  1048576)) == 0xffffffff ? 0 : *__afl_fuzz_len)' '-D' '__AFL_LOOP(_A)=({ static volatile char *_B __attribute__((used))]
  ignore line: [  _B = (char*)"##SIG_AFL_PERSISTENT##"]
  ignore line: [ __attribute__((visibility("default"))) int _L(unsigned int) __asm__("__afl_persistent_loop")]
  ignore line: [ _L(_A)]
  ignore line: [ })' '-D' '__AFL_INIT()=do { static volatile char *_A __attribute__((used))]
  ignore line: [  _A = (char*)"##SIG_AFL_DEFER_FORKSRV##"]
  ignore line: [ __attribute__((visibility("default"))) void _I(void) __asm__("__afl_manual_init")]
  ignore line: [ _I()]
  ignore line: [ } while (0)' '-Wno-unused-command-line-argument' '-shared-libgcc' '-mtune=generic' '-march=x86-64' '-dumpdir' 'cmTC_d0dcd.']
  link line: [ /usr/lib/gcc/x86_64-linux-gnu/11/collect2 -plugin /usr/lib/gcc/x86_64-linux-gnu/11/liblto_plugin.so -plugin-opt=/usr/lib/gcc/x86_64-linux-gnu/11/lto-wrapper -plugin-opt=-fresolution=/tmp/ccIZeyxj.res -plugin-opt=-pass-through=-lgcc_s -plugin-opt=-pass-through=-lgcc -plugin-opt=-pass-through=-lc -plugin-opt=-pass-through=-lgcc_s -plugin-opt=-pass-through=-lgcc --build-id --eh-frame-hdr -m elf_x86_64 --hash-style=gnu --as-needed -export-dynamic -dynamic-linker /lib64/ld-linux-x86-64.so.2 -pie -z now -z relro -o cmTC_d0dcd /usr/lib/gcc/x86_64-linux-gnu/11/../../../x86_64-linux-gnu/Scrt1.o /usr/lib/gcc/x86_64-linux-gnu/11/../../../x86_64-linux-gnu/crti.o /usr/lib/gcc/x86_64-linux-gnu/11/crtbeginS.o -L/usr/lib/gcc/x86_64-linux-gnu/11 -L/usr/lib/gcc/x86_64-linux-gnu/11/../../../x86_64-linux-gnu -L/usr/lib/gcc/x86_64-linux-gnu/11/../../../../lib -L/lib/x86_64-linux-gnu -L/lib/../lib -L/usr/lib/x86_64-linux-gnu -L/usr/lib/../lib -L/usr/lib/gcc/x86_64-linux-gnu/11/../../.. CMakeFiles/cmTC_d0dcd.dir/CMakeCXXCompilerABI.cpp.o /home/evan/utk/cs594/CompDiff/aflpp/afl-compiler-rt.o --dynamic-list=/home/evan/utk/cs594/CompDiff/aflpp/dynamic_list.txt -lstdc++ -lm -lgcc_s -lgcc -lc -lgcc_s -lgcc /usr/lib/gcc/x86_64-linux-gnu/11/crtendS.o /usr/lib/gcc/x86_64-linux-gnu/11/../../../x86_64-linux-gnu/crtn.o]
    arg [/usr/lib/gcc/x86_64-linux-gnu/11/collect2] ==> ignore
    arg [-plugin] ==> ignore
    arg [/usr/lib/gcc/x86_64-linux-gnu/11/liblto_plugin.so] ==> ignore
    arg [-plugin-opt=/usr/lib/gcc/x86_64-linux-gnu/11/lto-wrapper] ==> ignore
    arg [-plugin-opt=-fresolution=/tmp/ccIZeyxj.res] ==> ignore
    arg [-plugin-opt=-pass-through=-lgcc_s] ==> ignore
    arg [-plugin-opt=-pass-through=-lgcc] ==> ignore
    arg [-plugin-opt=-pass-through=-lc] ==> ignore
    arg [-plugin-opt=-pass-through=-lgcc_s] ==> ignore
    arg [-plugin-opt=-pass-through=-lgcc] ==> ignore
    arg [--build-id] ==> ignore
    arg [--eh-frame-hdr] ==> ignore
    arg [-m] ==> ignore
    arg [elf_x86_64] ==> ignore
    arg [--hash-style=gnu] ==> ignore
    arg [--as-needed] ==> ignore
    arg [-export-dynamic] ==> ignore
    arg [-dynamic-linker] ==> ignore
    arg [/lib64/ld-linux-x86-64.so.2] ==> ignore
    arg [-pie] ==> ignore
    arg [-znow] ==> ignore
    arg [-zrelro] ==> ignore
    arg [-o] ==> ignore
    arg [cmTC_d0dcd] ==> ignore
    arg [/usr/lib/gcc/x86_64-linux-gnu/11/../../../x86_64-linux-gnu/Scrt1.o] ==> obj [/usr/lib/gcc/x86_64-linux-gnu/11/../../../x86_64-linux-gnu/Scrt1.o]
    arg [/usr/lib/gcc/x86_64-linux-gnu/11/../../../x86_64-linux-gnu/crti.o] ==> obj [/usr/lib/gcc/x86_64-linux-gnu/11/../../../x86_64-linux-gnu/crti.o]
    arg [/usr/lib/gcc/x86_64-linux-gnu/11/crtbeginS.o] ==> obj [/usr/lib/gcc/x86_64-linux-gnu/11/crtbeginS.o]
    arg [-L/usr/lib/gcc/x86_64-linux-gnu/11] ==> dir [/usr/lib/gcc/x86_64-linux-gnu/11]
    arg [-L/usr/lib/gcc/x86_64-linux-gnu/11/../../../x86_64-linux-gnu] ==> dir [/usr/lib/gcc/x86_64-linux-gnu/11/../../../x86_64-linux-gnu]
    arg [-L/usr/lib/gcc/x86_64-linux-gnu/11/../../../../lib] ==> dir [/usr/lib/gcc/x86_64-linux-gnu/11/../../../../lib]
    arg [-L/lib/x86_64-linux-gnu] ==> dir [/lib/x86_64-linux-gnu]
    arg [-L/lib/../lib] ==> dir [/lib/../lib]
    arg [-L/usr/lib/x86_64-linux-gnu] ==> dir [/usr/lib/x86_64-linux-gnu]
    arg [-L/usr/lib/../lib] ==> dir [/usr/lib/../lib]
    arg [-L/usr/lib/gcc/x86_64-linux-gnu/11/../../..] ==> dir [/usr/lib/gcc/x86_64-linux-gnu/11/../../..]
    arg [CMakeFiles/cmTC_d0dcd.dir/CMakeCXXCompilerABI.cpp.o] ==> ignore
    arg [/home/evan/utk/cs594/CompDiff/aflpp/afl-compiler-rt.o] ==> obj [/home/evan/utk/cs594/CompDiff/aflpp/afl-compiler-rt.o]
    arg [--dynamic-list=/home/evan/utk/cs594/CompDiff/aflpp/dynamic_list.txt] ==> ignore
    arg [-lstdc++] ==> lib [stdc++]
    arg [-lm] ==> lib [m]
    arg [-lgcc_s] ==> lib [gcc_s]
    arg [-lgcc] ==> lib [gcc]
    arg [-lc] ==> lib [c]
    arg [-lgcc_s] ==> lib [gcc_s]
    arg [-lgcc] ==> lib [gcc]
    arg [/usr/lib/gcc/x86_64-linux-gnu/11/crtendS.o] ==> obj [/usr/lib/gcc/x86_64-linux-gnu/11/crtendS.o]
    arg [/usr/lib/gcc/x86_64-linux-gnu/11/../../../x86_64-linux-gnu/crtn.o] ==> obj [/usr/lib/gcc/x86_64-linux-gnu/11/../../../x86_64-linux-gnu/crtn.o]
  collapse obj [/usr/lib/gcc/x86_64-linux-gnu/11/../../../x86_64-linux-gnu/Scrt1.o] ==> [/usr/lib/x86_64-linux-gnu/Scrt1.o]
  collapse obj [/usr/lib/gcc/x86_64-linux-gnu/11/../../../x86_64-linux-gnu/crti.o] ==> [/usr/lib/x86_64-linux-gnu/crti.o]
  collapse obj [/usr/lib/gcc/x86_64-linux-gnu/11/../../../x86_64-linux-gnu/crtn.o] ==> [/usr/lib/x86_64-linux-gnu/crtn.o]
  collapse library dir [/usr/lib/gcc/x86_64-linux-gnu/11] ==> [/usr/lib/gcc/x86_64-linux-gnu/11]
  collapse library dir [/usr/lib/gcc/x86_64-linux-gnu/11/../../../x86_64-linux-gnu] ==> [/usr/lib/x86_64-linux-gnu]
  collapse library dir [/usr/lib/gcc/x86_64-linux-gnu/11/../../../../lib] ==> [/usr/lib]
  collapse library dir [/lib/x86_64-linux-gnu] ==> [/lib/x86_64-linux-gnu]
  collapse library dir [/lib/../lib] ==> [/lib]
  collapse library dir [/usr/lib/x86_64-linux-gnu] ==> [/usr/lib/x86_64-linux-gnu]
  collapse library dir [/usr/lib/../lib] ==> [/usr/lib]
  collapse library dir [/usr/lib/gcc/x86_64-linux-gnu/11/../../..] ==> [/usr/lib]
  implicit libs: [stdc++;m;gcc_s;gcc;c;gcc_s;gcc]
  implicit objs: [/usr/lib/x86_64-linux-gnu/Scrt1.o;/usr/lib/x86_64-linux-gnu/crti.o;/usr/lib/gcc/x86_64-linux-gnu/11/crtbeginS.o;/home/evan/utk/cs594/CompDiff/aflpp/afl-compiler-rt.o;/usr/lib/gcc/x86_64-linux-gnu/11/crtendS.o;/usr/lib/x86_64-linux-gnu/crtn.o]
  implicit dirs: [/usr/lib/gcc/x86_64-linux-gnu/11;/usr/lib/x86_64-linux-gnu;/usr/lib;/lib/x86_64-linux-gnu;/lib]
  implicit fwks: []


Determining if the function mkstemp exists passed with the following output:
Change Dir: /home/evan/utk/cs594/CompDiff/examples/xpdf/src/pdftotext-fuzz/xpdf/CMakeFiles/CMakeTmp

Run Build Command(s):/usr/bin/gmake -f Makefile cmTC_9327e/fast && /usr/bin/gmake  -f CMakeFiles/cmTC_9327e.dir/build.make CMakeFiles/cmTC_9327e.dir/build
gmake[1]: Entering directory '/home/evan/utk/cs594/CompDiff/examples/xpdf/src/pdftotext-fuzz/xpdf/CMakeFiles/CMakeTmp'
Building C object CMakeFiles/cmTC_9327e.dir/CheckFunctionExists.c.o
/home/evan/utk/cs594/CompDiff/aflpp/afl-clang-fast   -DCHECK_FUNCTION_EXISTS=mkstemp -o CMakeFiles/cmTC_9327e.dir/CheckFunctionExists.c.o -c /usr/share/cmake-3.22/Modules/CheckFunctionExists.c
Linking C executable cmTC_9327e
/usr/bin/cmake -E cmake_link_script CMakeFiles/cmTC_9327e.dir/link.txt --verbose=1
/home/evan/utk/cs594/CompDiff/aflpp/afl-clang-fast  -DCHECK_FUNCTION_EXISTS=mkstemp -rdynamic CMakeFiles/cmTC_9327e.dir/CheckFunctionExists.c.o -o cmTC_9327e 
gmake[1]: Leaving directory '/home/evan/utk/cs594/CompDiff/examples/xpdf/src/pdftotext-fuzz/xpdf/CMakeFiles/CMakeTmp'



Determining if the function mkstemps exists passed with the following output:
Change Dir: /home/evan/utk/cs594/CompDiff/examples/xpdf/src/pdftotext-fuzz/xpdf/CMakeFiles/CMakeTmp

Run Build Command(s):/usr/bin/gmake -f Makefile cmTC_01450/fast && /usr/bin/gmake  -f CMakeFiles/cmTC_01450.dir/build.make CMakeFiles/cmTC_01450.dir/build
gmake[1]: Entering directory '/home/evan/utk/cs594/CompDiff/examples/xpdf/src/pdftotext-fuzz/xpdf/CMakeFiles/CMakeTmp'
Building C object CMakeFiles/cmTC_01450.dir/CheckFunctionExists.c.o
/home/evan/utk/cs594/CompDiff/aflpp/afl-clang-fast   -DCHECK_FUNCTION_EXISTS=mkstemps -o CMakeFiles/cmTC_01450.dir/CheckFunctionExists.c.o -c /usr/share/cmake-3.22/Modules/CheckFunctionExists.c
Linking C executable cmTC_01450
/usr/bin/cmake -E cmake_link_script CMakeFiles/cmTC_01450.dir/link.txt --verbose=1
/home/evan/utk/cs594/CompDiff/aflpp/afl-clang-fast  -DCHECK_FUNCTION_EXISTS=mkstemps -rdynamic CMakeFiles/cmTC_01450.dir/CheckFunctionExists.c.o -o cmTC_01450 
gmake[1]: Leaving directory '/home/evan/utk/cs594/CompDiff/examples/xpdf/src/pdftotext-fuzz/xpdf/CMakeFiles/CMakeTmp'



Determining if the function popen exists passed with the following output:
Change Dir: /home/evan/utk/cs594/CompDiff/examples/xpdf/src/pdftotext-fuzz/xpdf/CMakeFiles/CMakeTmp

Run Build Command(s):/usr/bin/gmake -f Makefile cmTC_26f60/fast && /usr/bin/gmake  -f CMakeFiles/cmTC_26f60.dir/build.make CMakeFiles/cmTC_26f60.dir/build
gmake[1]: Entering directory '/home/evan/utk/cs594/CompDiff/examples/xpdf/src/pdftotext-fuzz/xpdf/CMakeFiles/CMakeTmp'
Building C object CMakeFiles/cmTC_26f60.dir/CheckFunctionExists.c.o
/home/evan/utk/cs594/CompDiff/aflpp/afl-clang-fast   -DCHECK_FUNCTION_EXISTS=popen -o CMakeFiles/cmTC_26f60.dir/CheckFunctionExists.c.o -c /usr/share/cmake-3.22/Modules/CheckFunctionExists.c
Linking C executable cmTC_26f60
/usr/bin/cmake -E cmake_link_script CMakeFiles/cmTC_26f60.dir/link.txt --verbose=1
/home/evan/utk/cs594/CompDiff/aflpp/afl-clang-fast  -DCHECK_FUNCTION_EXISTS=popen -rdynamic CMakeFiles/cmTC_26f60.dir/CheckFunctionExists.c.o -o cmTC_26f60 
gmake[1]: Leaving directory '/home/evan/utk/cs594/CompDiff/examples/xpdf/src/pdftotext-fuzz/xpdf/CMakeFiles/CMakeTmp'



Performing C++ SOURCE FILE Test HAVE_STD_SORT succeeded with the following output:
Change Dir: /home/evan/utk/cs594/CompDiff/examples/xpdf/src/pdftotext-fuzz/xpdf/CMakeFiles/CMakeTmp

Run Build Command(s):/usr/bin/gmake -f Makefile cmTC_77776/fast && /usr/bin/gmake  -f CMakeFiles/cmTC_77776.dir/build.make CMakeFiles/cmTC_77776.dir/build
gmake[1]: Entering directory '/home/evan/utk/cs594/CompDiff/examples/xpdf/src/pdftotext-fuzz/xpdf/CMakeFiles/CMakeTmp'
Building CXX object CMakeFiles/cmTC_77776.dir/src.cxx.o
/home/evan/utk/cs594/CompDiff/aflpp/afl-clang-fast++ -DHAVE_STD_SORT   -o CMakeFiles/cmTC_77776.dir/src.cxx.o -c /home/evan/utk/cs594/CompDiff/examples/xpdf/src/pdftotext-fuzz/xpdf/CMakeFiles/CMakeTmp/src.cxx
Linking CXX executable cmTC_77776
/usr/bin/cmake -E cmake_link_script CMakeFiles/cmTC_77776.dir/link.txt --verbose=1
/home/evan/utk/cs594/CompDiff/aflpp/afl-clang-fast++ -rdynamic CMakeFiles/cmTC_77776.dir/src.cxx.o -o cmTC_77776 
gmake[1]: Leaving directory '/home/evan/utk/cs594/CompDiff/examples/xpdf/src/pdftotext-fuzz/xpdf/CMakeFiles/CMakeTmp'


Source file was:
#include <algorithm>
    bool cmp(const int &x, const int &y) { return x < y; }
    int a[100];
    int main() { std::sort(a, a+100, &cmp); }
Determining if the function fseeko exists passed with the following output:
Change Dir: /home/evan/utk/cs594/CompDiff/examples/xpdf/src/pdftotext-fuzz/xpdf/CMakeFiles/CMakeTmp

Run Build Command(s):/usr/bin/gmake -f Makefile cmTC_77d7a/fast && /usr/bin/gmake  -f CMakeFiles/cmTC_77d7a.dir/build.make CMakeFiles/cmTC_77d7a.dir/build
gmake[1]: Entering directory '/home/evan/utk/cs594/CompDiff/examples/xpdf/src/pdftotext-fuzz/xpdf/CMakeFiles/CMakeTmp'
Building C object CMakeFiles/cmTC_77d7a.dir/CheckFunctionExists.c.o
/home/evan/utk/cs594/CompDiff/aflpp/afl-clang-fast   -DCHECK_FUNCTION_EXISTS=fseeko -o CMakeFiles/cmTC_77d7a.dir/CheckFunctionExists.c.o -c /usr/share/cmake-3.22/Modules/CheckFunctionExists.c
Linking C executable cmTC_77d7a
/usr/bin/cmake -E cmake_link_script CMakeFiles/cmTC_77d7a.dir/link.txt --verbose=1
/home/evan/utk/cs594/CompDiff/aflpp/afl-clang-fast  -DCHECK_FUNCTION_EXISTS=fseeko -rdynamic CMakeFiles/cmTC_77d7a.dir/CheckFunctionExists.c.o -o cmTC_77d7a 
gmake[1]: Leaving directory '/home/evan/utk/cs594/CompDiff/examples/xpdf/src/pdftotext-fuzz/xpdf/CMakeFiles/CMakeTmp'



Determining if the include file pthread.h exists passed with the following output:
Change Dir: /home/evan/utk/cs594/CompDiff/examples/xpdf/src/pdftotext-fuzz/xpdf/CMakeFiles/CMakeTmp

Run Build Command(s):/usr/bin/gmake -f Makefile cmTC_6701b/fast && /usr/bin/gmake  -f CMakeFiles/cmTC_6701b.dir/build.make CMakeFiles/cmTC_6701b.dir/build
gmake[1]: Entering directory '/home/evan/utk/cs594/CompDiff/examples/xpdf/src/pdftotext-fuzz/xpdf/CMakeFiles/CMakeTmp'
Building C object CMakeFiles/cmTC_6701b.dir/CheckIncludeFile.c.o
/home/evan/utk/cs594/CompDiff/aflpp/afl-clang-fast    -o CMakeFiles/cmTC_6701b.dir/CheckIncludeFile.c.o -c /home/evan/utk/cs594/CompDiff/examples/xpdf/src/pdftotext-fuzz/xpdf/CMakeFiles/CMakeTmp/CheckIncludeFile.c
Linking C executable cmTC_6701b
/usr/bin/cmake -E cmake_link_script CMakeFiles/cmTC_6701b.dir/link.txt --verbose=1
/home/evan/utk/cs594/CompDiff/aflpp/afl-clang-fast -rdynamic CMakeFiles/cmTC_6701b.dir/CheckIncludeFile.c.o -o cmTC_6701b 
gmake[1]: Leaving directory '/home/evan/utk/cs594/CompDiff/examples/xpdf/src/pdftotext-fuzz/xpdf/CMakeFiles/CMakeTmp'



Performing C SOURCE FILE Test CMAKE_HAVE_LIBC_PTHREAD succeeded with the following output:
Change Dir: /home/evan/utk/cs594/CompDiff/examples/xpdf/src/pdftotext-fuzz/xpdf/CMakeFiles/CMakeTmp

Run Build Command(s):/usr/bin/gmake -f Makefile cmTC_8bdb6/fast && /usr/bin/gmake  -f CMakeFiles/cmTC_8bdb6.dir/build.make CMakeFiles/cmTC_8bdb6.dir/build
gmake[1]: Entering directory '/home/evan/utk/cs594/CompDiff/examples/xpdf/src/pdftotext-fuzz/xpdf/CMakeFiles/CMakeTmp'
Building C object CMakeFiles/cmTC_8bdb6.dir/src.c.o
/home/evan/utk/cs594/CompDiff/aflpp/afl-clang-fast -DCMAKE_HAVE_LIBC_PTHREAD   -o CMakeFiles/cmTC_8bdb6.dir/src.c.o -c /home/evan/utk/cs594/CompDiff/examples/xpdf/src/pdftotext-fuzz/xpdf/CMakeFiles/CMakeTmp/src.c
Linking C executable cmTC_8bdb6
/usr/bin/cmake -E cmake_link_script CMakeFiles/cmTC_8bdb6.dir/link.txt --verbose=1
/home/evan/utk/cs594/CompDiff/aflpp/afl-clang-fast -rdynamic CMakeFiles/cmTC_8bdb6.dir/src.c.o -o cmTC_8bdb6 
gmake[1]: Leaving directory '/home/evan/utk/cs594/CompDiff/examples/xpdf/src/pdftotext-fuzz/xpdf/CMakeFiles/CMakeTmp'


Source file was:
#include <pthread.h>

static void* test_func(void* data)
{
  return data;
}

int main(void)
{
  pthread_t thread;
  pthread_create(&thread, NULL, test_func, NULL);
  pthread_detach(thread);
  pthread_cancel(thread);
  pthread_join(thread, NULL);
  pthread_atfork(NULL, NULL, NULL);
  pthread_exit(NULL);

  return 0;
}

