Determining if the function fseek64 exists failed with the following output:
Change Dir: /home/evan/utk/cs594/CompDiff/examples/xpdf/src/pdftotext-fuzz/xpdf/CMakeFiles/CMakeTmp

Run Build Command(s):/usr/bin/gmake -f Makefile cmTC_9ca11/fast && /usr/bin/gmake  -f CMakeFiles/cmTC_9ca11.dir/build.make CMakeFiles/cmTC_9ca11.dir/build
gmake[1]: Entering directory '/home/evan/utk/cs594/CompDiff/examples/xpdf/src/pdftotext-fuzz/xpdf/CMakeFiles/CMakeTmp'
Building C object CMakeFiles/cmTC_9ca11.dir/CheckFunctionExists.c.o
/home/evan/utk/cs594/CompDiff/aflpp/afl-clang-fast   -DCHECK_FUNCTION_EXISTS=fseek64 -o CMakeFiles/cmTC_9ca11.dir/CheckFunctionExists.c.o -c /usr/share/cmake-3.22/Modules/CheckFunctionExists.c
Linking C executable cmTC_9ca11
/usr/bin/cmake -E cmake_link_script CMakeFiles/cmTC_9ca11.dir/link.txt --verbose=1
/home/evan/utk/cs594/CompDiff/aflpp/afl-clang-fast  -DCHECK_FUNCTION_EXISTS=fseek64 -rdynamic CMakeFiles/cmTC_9ca11.dir/CheckFunctionExists.c.o -o cmTC_9ca11 
/usr/bin/ld: CMakeFiles/cmTC_9ca11.dir/CheckFunctionExists.c.o: in function `main':
/usr/share/cmake-3.22/Modules/CheckFunctionExists.c:17: undefined reference to `fseek64'
collect2: error: ld returned 1 exit status
gmake[1]: *** [CMakeFiles/cmTC_9ca11.dir/build.make:99: cmTC_9ca11] Error 1
gmake[1]: Leaving directory '/home/evan/utk/cs594/CompDiff/examples/xpdf/src/pdftotext-fuzz/xpdf/CMakeFiles/CMakeTmp'
gmake: *** [Makefile:127: cmTC_9ca11/fast] Error 2



Determining if the function _fseeki64 exists failed with the following output:
Change Dir: /home/evan/utk/cs594/CompDiff/examples/xpdf/src/pdftotext-fuzz/xpdf/CMakeFiles/CMakeTmp

Run Build Command(s):/usr/bin/gmake -f Makefile cmTC_bf500/fast && /usr/bin/gmake  -f CMakeFiles/cmTC_bf500.dir/build.make CMakeFiles/cmTC_bf500.dir/build
gmake[1]: Entering directory '/home/evan/utk/cs594/CompDiff/examples/xpdf/src/pdftotext-fuzz/xpdf/CMakeFiles/CMakeTmp'
Building C object CMakeFiles/cmTC_bf500.dir/CheckFunctionExists.c.o
/home/evan/utk/cs594/CompDiff/aflpp/afl-clang-fast   -DCHECK_FUNCTION_EXISTS=_fseeki64 -o CMakeFiles/cmTC_bf500.dir/CheckFunctionExists.c.o -c /usr/share/cmake-3.22/Modules/CheckFunctionExists.c
Linking C executable cmTC_bf500
/usr/bin/cmake -E cmake_link_script CMakeFiles/cmTC_bf500.dir/link.txt --verbose=1
/home/evan/utk/cs594/CompDiff/aflpp/afl-clang-fast  -DCHECK_FUNCTION_EXISTS=_fseeki64 -rdynamic CMakeFiles/cmTC_bf500.dir/CheckFunctionExists.c.o -o cmTC_bf500 
/usr/bin/ld: CMakeFiles/cmTC_bf500.dir/CheckFunctionExists.c.o: in function `main':
/usr/share/cmake-3.22/Modules/CheckFunctionExists.c:17: undefined reference to `_fseeki64'
collect2: error: ld returned 1 exit status
gmake[1]: *** [CMakeFiles/cmTC_bf500.dir/build.make:99: cmTC_bf500] Error 1
gmake[1]: Leaving directory '/home/evan/utk/cs594/CompDiff/examples/xpdf/src/pdftotext-fuzz/xpdf/CMakeFiles/CMakeTmp'
gmake: *** [Makefile:127: cmTC_bf500/fast] Error 2



