Determining if the function fseek64 exists failed with the following output:
Change Dir: /home/evan/utk/cs594/CompDiff/examples/xpdf/src/pdftotext-5/xpdf/CMakeFiles/CMakeTmp

Run Build Command(s):/usr/bin/gmake -f Makefile cmTC_2e96a/fast && /usr/bin/gmake  -f CMakeFiles/cmTC_2e96a.dir/build.make CMakeFiles/cmTC_2e96a.dir/build
gmake[1]: Entering directory '/home/evan/utk/cs594/CompDiff/examples/xpdf/src/pdftotext-5/xpdf/CMakeFiles/CMakeTmp'
Building C object CMakeFiles/cmTC_2e96a.dir/CheckFunctionExists.c.o
/home/evan/utk/cs594/CompDiff/compilers/diff-cc-5   -DCHECK_FUNCTION_EXISTS=fseek64 -o CMakeFiles/cmTC_2e96a.dir/CheckFunctionExists.c.o -c /usr/share/cmake-3.22/Modules/CheckFunctionExists.c
gcc-11: warning: /home/evan/utk/cs594/CompDiff/compilers/diff-llvm-rt-5.o: linker input file unused because linking not done
Linking C executable cmTC_2e96a
/usr/bin/cmake -E cmake_link_script CMakeFiles/cmTC_2e96a.dir/link.txt --verbose=1
/home/evan/utk/cs594/CompDiff/compilers/diff-cc-5  -DCHECK_FUNCTION_EXISTS=fseek64 -rdynamic CMakeFiles/cmTC_2e96a.dir/CheckFunctionExists.c.o -o cmTC_2e96a 
/usr/bin/ld: CMakeFiles/cmTC_2e96a.dir/CheckFunctionExists.c.o: in function `main':
CheckFunctionExists.c:(.text+0x14): undefined reference to `fseek64'
collect2: error: ld returned 1 exit status
gmake[1]: *** [CMakeFiles/cmTC_2e96a.dir/build.make:99: cmTC_2e96a] Error 1
gmake[1]: Leaving directory '/home/evan/utk/cs594/CompDiff/examples/xpdf/src/pdftotext-5/xpdf/CMakeFiles/CMakeTmp'
gmake: *** [Makefile:127: cmTC_2e96a/fast] Error 2



Determining if the function _fseeki64 exists failed with the following output:
Change Dir: /home/evan/utk/cs594/CompDiff/examples/xpdf/src/pdftotext-5/xpdf/CMakeFiles/CMakeTmp

Run Build Command(s):/usr/bin/gmake -f Makefile cmTC_282bf/fast && /usr/bin/gmake  -f CMakeFiles/cmTC_282bf.dir/build.make CMakeFiles/cmTC_282bf.dir/build
gmake[1]: Entering directory '/home/evan/utk/cs594/CompDiff/examples/xpdf/src/pdftotext-5/xpdf/CMakeFiles/CMakeTmp'
Building C object CMakeFiles/cmTC_282bf.dir/CheckFunctionExists.c.o
/home/evan/utk/cs594/CompDiff/compilers/diff-cc-5   -DCHECK_FUNCTION_EXISTS=_fseeki64 -o CMakeFiles/cmTC_282bf.dir/CheckFunctionExists.c.o -c /usr/share/cmake-3.22/Modules/CheckFunctionExists.c
gcc-11: warning: /home/evan/utk/cs594/CompDiff/compilers/diff-llvm-rt-5.o: linker input file unused because linking not done
Linking C executable cmTC_282bf
/usr/bin/cmake -E cmake_link_script CMakeFiles/cmTC_282bf.dir/link.txt --verbose=1
/home/evan/utk/cs594/CompDiff/compilers/diff-cc-5  -DCHECK_FUNCTION_EXISTS=_fseeki64 -rdynamic CMakeFiles/cmTC_282bf.dir/CheckFunctionExists.c.o -o cmTC_282bf 
/usr/bin/ld: CMakeFiles/cmTC_282bf.dir/CheckFunctionExists.c.o: in function `main':
CheckFunctionExists.c:(.text+0x14): undefined reference to `_fseeki64'
collect2: error: ld returned 1 exit status
gmake[1]: *** [CMakeFiles/cmTC_282bf.dir/build.make:99: cmTC_282bf] Error 1
gmake[1]: Leaving directory '/home/evan/utk/cs594/CompDiff/examples/xpdf/src/pdftotext-5/xpdf/CMakeFiles/CMakeTmp'
gmake: *** [Makefile:127: cmTC_282bf/fast] Error 2



